mode: set
github.com/vechain/thor/abi/abi.go:28.37,38.54 2 1
github.com/vechain/thor/abi/abi.go:38.54,40.3 1 0
github.com/vechain/thor/abi/abi.go:42.2,49.31 2 1
github.com/vechain/thor/abi/abi.go:49.31,50.21 1 1
github.com/vechain/thor/abi/abi.go:51.22,55.5 1 0
github.com/vechain/thor/abi/abi.go:57.23,69.45 7 1
github.com/vechain/thor/abi/abi.go:70.16,79.42 5 1
github.com/vechain/thor/abi/abi.go:82.2,82.17 1 1
github.com/vechain/thor/abi/abi.go:86.37,88.2 1 0
github.com/vechain/thor/abi/abi.go:91.35,93.2 1 0
github.com/vechain/thor/abi/abi.go:96.33,98.2 1 0
github.com/vechain/thor/abi/abi.go:102.60,104.16 2 1
github.com/vechain/thor/abi/abi.go:104.16,106.3 1 0
github.com/vechain/thor/abi/abi.go:107.2,108.12 2 1
github.com/vechain/thor/abi/abi.go:108.12,110.3 1 0
github.com/vechain/thor/abi/abi.go:111.2,111.15 1 1
github.com/vechain/thor/abi/abi.go:115.57,118.2 2 1
github.com/vechain/thor/abi/abi.go:121.55,124.2 2 0
github.com/vechain/thor/abi/abi.go:127.55,130.2 2 1
github.com/vechain/thor/abi/abi.go:133.57,136.2 2 0
github.com/vechain/thor/abi/event.go:20.43,22.35 2 1
github.com/vechain/thor/abi/event.go:22.35,23.19 1 1
github.com/vechain/thor/abi/event.go:23.19,25.4 1 1
github.com/vechain/thor/abi/event.go:27.2,31.3 1 1
github.com/vechain/thor/abi/event.go:35.35,37.2 1 1
github.com/vechain/thor/abi/event.go:40.31,42.2 1 0
github.com/vechain/thor/abi/event.go:45.61,47.2 1 1
github.com/vechain/thor/abi/event.go:50.58,52.2 1 1
github.com/vechain/thor/abi/method.go:22.32,24.2 1 0
github.com/vechain/thor/abi/method.go:27.32,29.2 1 1
github.com/vechain/thor/abi/method.go:32.31,34.2 1 0
github.com/vechain/thor/abi/method.go:37.67,39.16 2 1
github.com/vechain/thor/abi/method.go:39.16,41.3 1 0
github.com/vechain/thor/abi/method.go:42.2,42.38 1 1
github.com/vechain/thor/abi/method.go:46.65,47.38 1 1
github.com/vechain/thor/abi/method.go:47.38,49.3 1 0
github.com/vechain/thor/abi/method.go:50.2,50.45 1 1
github.com/vechain/thor/abi/method.go:54.68,56.2 1 1
github.com/vechain/thor/abi/method.go:59.67,60.25 1 1
github.com/vechain/thor/abi/method.go:60.25,62.3 1 0
github.com/vechain/thor/abi/method.go:63.2,63.43 1 1
github.com/vechain/thor/abi/method.go:70.61,71.26 1 1
github.com/vechain/thor/abi/method.go:71.26,74.3 2 0
github.com/vechain/thor/abi/method.go:75.2,76.8 2 1
github.com/vechain/thor/api/accounts/accounts.go:40.13,47.2 1 1
github.com/vechain/thor/api/accounts/accounts.go:49.92,53.16 2 1
github.com/vechain/thor/api/accounts/accounts.go:53.16,55.3 1 0
github.com/vechain/thor/api/accounts/accounts.go:56.2,56.18 1 1
github.com/vechain/thor/api/accounts/accounts.go:59.82,62.16 3 1
github.com/vechain/thor/api/accounts/accounts.go:62.16,64.3 1 1
github.com/vechain/thor/api/accounts/accounts.go:65.2,66.16 2 1
github.com/vechain/thor/api/accounts/accounts.go:66.16,68.3 1 1
github.com/vechain/thor/api/accounts/accounts.go:69.2,70.16 2 1
github.com/vechain/thor/api/accounts/accounts.go:70.16,72.3 1 0
github.com/vechain/thor/api/accounts/accounts.go:73.2,73.76 1 1
github.com/vechain/thor/api/accounts/accounts.go:76.97,79.16 3 1
github.com/vechain/thor/api/accounts/accounts.go:79.16,81.3 1 0
github.com/vechain/thor/api/accounts/accounts.go:82.2,83.16 2 1
github.com/vechain/thor/api/accounts/accounts.go:83.16,85.3 1 0
github.com/vechain/thor/api/accounts/accounts.go:86.2,87.16 2 1
github.com/vechain/thor/api/accounts/accounts.go:87.16,89.3 1 0
github.com/vechain/thor/api/accounts/accounts.go:91.2,95.8 1 1
github.com/vechain/thor/api/accounts/accounts.go:98.119,103.16 2 1
github.com/vechain/thor/api/accounts/accounts.go:103.16,105.3 1 0
github.com/vechain/thor/api/accounts/accounts.go:106.2,106.21 1 1
github.com/vechain/thor/api/accounts/accounts.go:109.85,111.16 2 1
github.com/vechain/thor/api/accounts/accounts.go:111.16,113.3 1 1
github.com/vechain/thor/api/accounts/accounts.go:114.2,115.16 2 1
github.com/vechain/thor/api/accounts/accounts.go:115.16,117.3 1 1
github.com/vechain/thor/api/accounts/accounts.go:118.2,119.16 2 1
github.com/vechain/thor/api/accounts/accounts.go:119.16,121.3 1 0
github.com/vechain/thor/api/accounts/accounts.go:122.2,122.32 1 1
github.com/vechain/thor/api/accounts/accounts.go:125.85,127.16 2 1
github.com/vechain/thor/api/accounts/accounts.go:127.16,129.3 1 1
github.com/vechain/thor/api/accounts/accounts.go:130.2,131.16 2 1
github.com/vechain/thor/api/accounts/accounts.go:131.16,133.3 1 1
github.com/vechain/thor/api/accounts/accounts.go:134.2,135.16 2 1
github.com/vechain/thor/api/accounts/accounts.go:135.16,137.3 1 1
github.com/vechain/thor/api/accounts/accounts.go:138.2,139.16 2 1
github.com/vechain/thor/api/accounts/accounts.go:139.16,141.3 1 0
github.com/vechain/thor/api/accounts/accounts.go:142.2,142.73 1 1
github.com/vechain/thor/api/accounts/accounts.go:145.87,147.61 2 1
github.com/vechain/thor/api/accounts/accounts.go:147.61,149.3 1 0
github.com/vechain/thor/api/accounts/accounts.go:150.2,151.16 2 1
github.com/vechain/thor/api/accounts/accounts.go:151.16,153.3 1 1
github.com/vechain/thor/api/accounts/accounts.go:154.2,155.36 2 1
github.com/vechain/thor/api/accounts/accounts.go:155.36,157.17 2 1
github.com/vechain/thor/api/accounts/accounts.go:157.17,159.4 1 1
github.com/vechain/thor/api/accounts/accounts.go:160.3,160.18 1 1
github.com/vechain/thor/api/accounts/accounts.go:162.2,175.16 3 1
github.com/vechain/thor/api/accounts/accounts.go:175.16,177.3 1 1
github.com/vechain/thor/api/accounts/accounts.go:178.2,178.39 1 1
github.com/vechain/thor/api/accounts/accounts.go:181.88,183.66 2 1
github.com/vechain/thor/api/accounts/accounts.go:183.66,185.3 1 0
github.com/vechain/thor/api/accounts/accounts.go:186.2,187.16 2 1
github.com/vechain/thor/api/accounts/accounts.go:187.16,189.3 1 1
github.com/vechain/thor/api/accounts/accounts.go:190.2,191.16 2 1
github.com/vechain/thor/api/accounts/accounts.go:191.16,193.3 1 1
github.com/vechain/thor/api/accounts/accounts.go:194.2,194.36 1 1
github.com/vechain/thor/api/accounts/accounts.go:197.148,199.16 2 1
github.com/vechain/thor/api/accounts/accounts.go:199.16,201.3 1 1
github.com/vechain/thor/api/accounts/accounts.go:202.2,218.33 7 1
github.com/vechain/thor/api/accounts/accounts.go:218.33,220.13 2 1
github.com/vechain/thor/api/accounts/accounts.go:220.13,222.18 2 1
github.com/vechain/thor/api/accounts/accounts.go:222.18,224.5 1 0
github.com/vechain/thor/api/accounts/accounts.go:225.4,225.19 1 1
github.com/vechain/thor/api/accounts/accounts.go:227.3,227.10 1 1
github.com/vechain/thor/api/accounts/accounts.go:228.21,230.25 2 0
github.com/vechain/thor/api/accounts/accounts.go:231.29,232.30 1 1
github.com/vechain/thor/api/accounts/accounts.go:233.15,234.18 1 0
github.com/vechain/thor/api/accounts/accounts.go:235.25,237.23 2 1
github.com/vechain/thor/api/accounts/accounts.go:237.23,239.6 1 0
github.com/vechain/thor/api/accounts/accounts.go:240.5,240.24 1 1
github.com/vechain/thor/api/accounts/accounts.go:244.2,244.21 1 1
github.com/vechain/thor/api/accounts/accounts.go:247.148,248.40 1 1
github.com/vechain/thor/api/accounts/accounts.go:248.40,250.3 1 0
github.com/vechain/thor/api/accounts/accounts.go:250.8,250.35 1 1
github.com/vechain/thor/api/accounts/accounts.go:250.35,252.3 1 1
github.com/vechain/thor/api/accounts/accounts.go:252.8,254.3 1 1
github.com/vechain/thor/api/accounts/accounts.go:256.2,258.35 2 1
github.com/vechain/thor/api/accounts/accounts.go:258.35,260.3 1 1
github.com/vechain/thor/api/accounts/accounts.go:260.8,262.3 1 1
github.com/vechain/thor/api/accounts/accounts.go:263.2,263.33 1 1
github.com/vechain/thor/api/accounts/accounts.go:263.33,265.3 1 1
github.com/vechain/thor/api/accounts/accounts.go:265.8,267.3 1 1
github.com/vechain/thor/api/accounts/accounts.go:268.2,268.35 1 1
github.com/vechain/thor/api/accounts/accounts.go:268.35,270.3 1 1
github.com/vechain/thor/api/accounts/accounts.go:270.8,272.3 1 1
github.com/vechain/thor/api/accounts/accounts.go:273.2,273.37 1 1
github.com/vechain/thor/api/accounts/accounts.go:273.37,275.3 1 1
github.com/vechain/thor/api/accounts/accounts.go:275.8,277.3 1 1
github.com/vechain/thor/api/accounts/accounts.go:278.2,280.37 2 1
github.com/vechain/thor/api/accounts/accounts.go:280.37,282.17 2 1
github.com/vechain/thor/api/accounts/accounts.go:282.17,284.4 1 0
github.com/vechain/thor/api/accounts/accounts.go:285.3,285.25 1 1
github.com/vechain/thor/api/accounts/accounts.go:285.25,287.4 1 0
github.com/vechain/thor/api/accounts/accounts.go:288.3,290.26 3 1
github.com/vechain/thor/api/accounts/accounts.go:293.2,294.42 2 1
github.com/vechain/thor/api/accounts/accounts.go:294.42,296.21 2 1
github.com/vechain/thor/api/accounts/accounts.go:296.21,298.4 1 1
github.com/vechain/thor/api/accounts/accounts.go:298.9,300.4 1 0
github.com/vechain/thor/api/accounts/accounts.go:301.3,302.19 2 1
github.com/vechain/thor/api/accounts/accounts.go:302.19,304.18 2 1
github.com/vechain/thor/api/accounts/accounts.go:304.18,307.5 2 1
github.com/vechain/thor/api/accounts/accounts.go:309.3,309.66 1 1
github.com/vechain/thor/api/accounts/accounts.go:311.2,311.8 1 1
github.com/vechain/thor/api/accounts/accounts.go:314.81,315.42 1 1
github.com/vechain/thor/api/accounts/accounts.go:315.42,317.3 1 1
github.com/vechain/thor/api/accounts/accounts.go:318.2,318.48 1 1
github.com/vechain/thor/api/accounts/accounts.go:318.48,320.17 2 0
github.com/vechain/thor/api/accounts/accounts.go:320.17,322.4 1 0
github.com/vechain/thor/api/accounts/accounts.go:323.3,324.17 2 0
github.com/vechain/thor/api/accounts/accounts.go:324.17,325.30 1 0
github.com/vechain/thor/api/accounts/accounts.go:325.30,327.5 1 0
github.com/vechain/thor/api/accounts/accounts.go:328.4,328.19 1 0
github.com/vechain/thor/api/accounts/accounts.go:330.3,330.22 1 0
github.com/vechain/thor/api/accounts/accounts.go:332.2,333.16 2 1
github.com/vechain/thor/api/accounts/accounts.go:333.16,335.3 1 0
github.com/vechain/thor/api/accounts/accounts.go:336.2,336.24 1 1
github.com/vechain/thor/api/accounts/accounts.go:336.24,338.3 1 1
github.com/vechain/thor/api/accounts/accounts.go:339.2,340.16 2 0
github.com/vechain/thor/api/accounts/accounts.go:340.16,341.29 1 0
github.com/vechain/thor/api/accounts/accounts.go:341.29,343.4 1 0
github.com/vechain/thor/api/accounts/accounts.go:344.3,344.18 1 0
github.com/vechain/thor/api/accounts/accounts.go:346.2,346.21 1 0
github.com/vechain/thor/api/accounts/accounts.go:349.63,359.2 7 1
github.com/vechain/thor/api/accounts/types.go:41.85,48.21 3 1
github.com/vechain/thor/api/accounts/types.go:48.21,51.3 2 0
github.com/vechain/thor/api/accounts/types.go:53.2,56.36 3 1
github.com/vechain/thor/api/accounts/types.go:56.36,62.40 3 1
github.com/vechain/thor/api/accounts/types.go:62.40,64.4 1 1
github.com/vechain/thor/api/accounts/types.go:65.3,65.20 1 1
github.com/vechain/thor/api/accounts/types.go:67.2,67.42 1 1
github.com/vechain/thor/api/accounts/types.go:67.42,74.3 2 0
github.com/vechain/thor/api/accounts/types.go:76.2,83.3 1 1
github.com/vechain/thor/api/blocks/blocks.go:26.57,31.2 1 1
github.com/vechain/thor/api/blocks/blocks.go:33.81,35.16 2 1
github.com/vechain/thor/api/blocks/blocks.go:35.16,37.3 1 1
github.com/vechain/thor/api/blocks/blocks.go:38.2,39.65 2 1
github.com/vechain/thor/api/blocks/blocks.go:39.65,41.3 1 0
github.com/vechain/thor/api/blocks/blocks.go:43.2,44.16 2 1
github.com/vechain/thor/api/blocks/blocks.go:44.16,45.29 1 0
github.com/vechain/thor/api/blocks/blocks.go:45.29,47.4 1 0
github.com/vechain/thor/api/blocks/blocks.go:48.3,48.13 1 0
github.com/vechain/thor/api/blocks/blocks.go:51.2,52.16 2 1
github.com/vechain/thor/api/blocks/blocks.go:52.16,54.3 1 0
github.com/vechain/thor/api/blocks/blocks.go:56.2,57.13 2 1
github.com/vechain/thor/api/blocks/blocks.go:57.13,59.57 2 1
github.com/vechain/thor/api/blocks/blocks.go:59.57,61.4 1 0
github.com/vechain/thor/api/blocks/blocks.go:64.2,65.24 2 1
github.com/vechain/thor/api/blocks/blocks.go:65.24,67.17 2 0
github.com/vechain/thor/api/blocks/blocks.go:67.17,69.4 1 0
github.com/vechain/thor/api/blocks/blocks.go:70.3,71.17 2 0
github.com/vechain/thor/api/blocks/blocks.go:71.17,73.4 1 0
github.com/vechain/thor/api/blocks/blocks.go:75.3,78.5 1 0
github.com/vechain/thor/api/blocks/blocks.go:81.2,84.4 1 1
github.com/vechain/thor/api/blocks/blocks.go:87.70,88.42 1 1
github.com/vechain/thor/api/blocks/blocks.go:88.42,90.3 1 1
github.com/vechain/thor/api/blocks/blocks.go:91.2,91.29 1 1
github.com/vechain/thor/api/blocks/blocks.go:91.29,93.3 1 0
github.com/vechain/thor/api/blocks/blocks.go:94.2,94.48 1 1
github.com/vechain/thor/api/blocks/blocks.go:94.48,96.17 2 1
github.com/vechain/thor/api/blocks/blocks.go:96.17,98.4 1 1
github.com/vechain/thor/api/blocks/blocks.go:99.3,99.22 1 1
github.com/vechain/thor/api/blocks/blocks.go:101.2,102.16 2 1
github.com/vechain/thor/api/blocks/blocks.go:102.16,104.3 1 0
github.com/vechain/thor/api/blocks/blocks.go:105.2,105.24 1 1
github.com/vechain/thor/api/blocks/blocks.go:105.24,107.3 1 1
github.com/vechain/thor/api/blocks/blocks.go:108.2,108.23 1 1
github.com/vechain/thor/api/blocks/blocks.go:111.91,113.37 2 1
github.com/vechain/thor/api/blocks/blocks.go:114.20,115.16 1 1
github.com/vechain/thor/api/blocks/blocks.go:116.14,118.17 2 1
github.com/vechain/thor/api/blocks/blocks.go:118.17,120.4 1 0
github.com/vechain/thor/api/blocks/blocks.go:121.14,122.25 1 0
github.com/vechain/thor/api/blocks/blocks.go:123.10,124.45 1 1
github.com/vechain/thor/api/blocks/blocks.go:126.2,126.35 1 1
github.com/vechain/thor/api/blocks/blocks.go:129.75,131.16 2 1
github.com/vechain/thor/api/blocks/blocks.go:131.16,133.3 1 0
github.com/vechain/thor/api/blocks/blocks.go:134.2,134.30 1 1
github.com/vechain/thor/api/blocks/blocks.go:137.61,140.2 2 1
github.com/vechain/thor/api/blocks/types.go:97.107,120.2 3 1
github.com/vechain/thor/api/blocks/types.go:122.95,128.19 2 0
github.com/vechain/thor/api/blocks/types.go:128.19,131.3 2 0
github.com/vechain/thor/api/blocks/types.go:132.2,132.29 1 0
github.com/vechain/thor/api/blocks/types.go:132.29,138.3 1 0
github.com/vechain/thor/api/blocks/types.go:139.2,139.32 1 0
github.com/vechain/thor/api/blocks/types.go:139.32,145.3 1 0
github.com/vechain/thor/api/blocks/types.go:146.2,146.11 1 0
github.com/vechain/thor/api/blocks/types.go:149.88,151.27 2 0
github.com/vechain/thor/api/blocks/types.go:151.27,162.29 8 0
github.com/vechain/thor/api/blocks/types.go:162.29,168.25 2 0
github.com/vechain/thor/api/blocks/types.go:168.25,170.5 1 0
github.com/vechain/thor/api/blocks/types.go:173.3,193.5 1 0
github.com/vechain/thor/api/blocks/types.go:195.2,195.13 1 0
github.com/vechain/thor/api/events/events.go:24.59,29.2 1 0
github.com/vechain/thor/api/events/events.go:32.89,35.16 3 0
github.com/vechain/thor/api/events/events.go:35.16,37.3 1 0
github.com/vechain/thor/api/events/events.go:38.2,39.16 2 0
github.com/vechain/thor/api/events/events.go:39.16,41.3 1 0
github.com/vechain/thor/api/events/events.go:42.2,43.27 2 0
github.com/vechain/thor/api/events/events.go:43.27,45.3 1 0
github.com/vechain/thor/api/events/events.go:46.2,46.17 1 0
github.com/vechain/thor/api/events/events.go:49.79,51.59 2 0
github.com/vechain/thor/api/events/events.go:51.59,53.3 1 0
github.com/vechain/thor/api/events/events.go:54.2,55.16 2 0
github.com/vechain/thor/api/events/events.go:55.16,57.3 1 0
github.com/vechain/thor/api/events/events.go:58.2,58.32 1 0
github.com/vechain/thor/api/events/events.go:61.61,65.2 2 0
github.com/vechain/thor/api/events/types.go:45.54,59.25 3 0
github.com/vechain/thor/api/events/types.go:59.25,60.29 1 0
github.com/vechain/thor/api/events/types.go:60.29,62.4 1 0
github.com/vechain/thor/api/events/types.go:64.2,64.12 1 0
github.com/vechain/thor/api/events/types.go:67.41,90.2 1 0
github.com/vechain/thor/api/events/types.go:104.94,106.16 2 0
github.com/vechain/thor/api/events/types.go:106.16,108.3 1 0
github.com/vechain/thor/api/events/types.go:109.2,114.33 2 0
github.com/vechain/thor/api/events/types.go:114.33,116.47 2 0
github.com/vechain/thor/api/events/types.go:116.47,128.4 8 0
github.com/vechain/thor/api/events/types.go:129.3,129.28 1 0
github.com/vechain/thor/api/events/types.go:131.2,131.15 1 0
github.com/vechain/thor/api/events/types.go:147.71,148.14 1 0
github.com/vechain/thor/api/events/types.go:148.14,150.3 1 0
github.com/vechain/thor/api/events/types.go:151.2,151.29 1 0
github.com/vechain/thor/api/events/types.go:151.29,158.17 3 0
github.com/vechain/thor/api/events/types.go:158.17,160.4 1 0
github.com/vechain/thor/api/events/types.go:161.3,161.33 1 0
github.com/vechain/thor/api/events/types.go:161.33,163.4 1 0
github.com/vechain/thor/api/events/types.go:164.3,165.17 2 0
github.com/vechain/thor/api/events/types.go:165.17,167.4 1 0
github.com/vechain/thor/api/events/types.go:168.3,168.32 1 0
github.com/vechain/thor/api/events/types.go:168.32,170.4 1 0
github.com/vechain/thor/api/events/types.go:172.3,173.17 2 0
github.com/vechain/thor/api/events/types.go:173.17,175.4 1 0
github.com/vechain/thor/api/events/types.go:177.3,178.17 2 0
github.com/vechain/thor/api/events/types.go:178.17,180.4 1 0
github.com/vechain/thor/api/events/types.go:182.3,185.9 1 0
github.com/vechain/thor/api/events/types.go:187.2,190.8 1 0
github.com/vechain/thor/api/node/node.go:19.28,23.2 1 1
github.com/vechain/thor/api/node/node.go:25.42,27.2 1 1
github.com/vechain/thor/api/node/node.go:29.78,31.2 1 1
github.com/vechain/thor/api/node/node.go:33.59,37.2 2 1
github.com/vechain/thor/api/node/types.go:27.59,28.18 1 1
github.com/vechain/thor/api/node/types.go:28.18,30.3 1 1
github.com/vechain/thor/api/node/types.go:31.2,32.31 2 0
github.com/vechain/thor/api/node/types.go:32.31,42.3 1 0
github.com/vechain/thor/api/node/types.go:43.2,43.19 1 0
github.com/vechain/thor/api/transfers/transfers.go:25.62,30.2 1 0
github.com/vechain/thor/api/transfers/transfers.go:33.102,35.16 2 0
github.com/vechain/thor/api/transfers/transfers.go:35.16,37.3 1 0
github.com/vechain/thor/api/transfers/transfers.go:39.2,45.16 2 0
github.com/vechain/thor/api/transfers/transfers.go:45.16,47.3 1 0
github.com/vechain/thor/api/transfers/transfers.go:48.2,49.34 2 0
github.com/vechain/thor/api/transfers/transfers.go:49.34,51.3 1 0
github.com/vechain/thor/api/transfers/transfers.go:52.2,52.19 1 0
github.com/vechain/thor/api/transfers/transfers.go:55.94,57.59 2 0
github.com/vechain/thor/api/transfers/transfers.go:57.59,59.3 1 0
github.com/vechain/thor/api/transfers/transfers.go:60.2,61.16 2 0
github.com/vechain/thor/api/transfers/transfers.go:61.16,63.3 1 0
github.com/vechain/thor/api/transfers/transfers.go:64.2,64.34 1 0
github.com/vechain/thor/api/transfers/transfers.go:67.64,71.2 2 0
github.com/vechain/thor/api/transfers/types.go:31.66,46.2 2 0
github.com/vechain/thor/api/transactions/transactions.go:26.69,31.2 1 1
github.com/vechain/thor/api/transactions/transactions.go:33.124,36.16 3 1
github.com/vechain/thor/api/transactions/transactions.go:36.16,37.29 1 0
github.com/vechain/thor/api/transactions/transactions.go:37.29,38.20 1 0
github.com/vechain/thor/api/transactions/transactions.go:38.20,39.52 1 0
github.com/vechain/thor/api/transactions/transactions.go:39.52,41.20 2 0
github.com/vechain/thor/api/transactions/transactions.go:41.20,43.7 1 0
github.com/vechain/thor/api/transactions/transactions.go:44.6,46.12 1 0
github.com/vechain/thor/api/transactions/transactions.go:49.4,49.19 1 0
github.com/vechain/thor/api/transactions/transactions.go:51.3,51.18 1 0
github.com/vechain/thor/api/transactions/transactions.go:54.2,55.16 2 1
github.com/vechain/thor/api/transactions/transactions.go:55.16,57.3 1 0
github.com/vechain/thor/api/transactions/transactions.go:58.2,59.16 2 1
github.com/vechain/thor/api/transactions/transactions.go:59.16,61.3 1 0
github.com/vechain/thor/api/transactions/transactions.go:62.2,69.8 1 1
github.com/vechain/thor/api/transactions/transactions.go:72.122,75.16 3 1
github.com/vechain/thor/api/transactions/transactions.go:75.16,76.29 1 0
github.com/vechain/thor/api/transactions/transactions.go:76.29,77.20 1 0
github.com/vechain/thor/api/transactions/transactions.go:77.20,78.52 1 0
github.com/vechain/thor/api/transactions/transactions.go:78.52,80.6 1 0
github.com/vechain/thor/api/transactions/transactions.go:82.4,82.19 1 0
github.com/vechain/thor/api/transactions/transactions.go:84.3,84.18 1 0
github.com/vechain/thor/api/transactions/transactions.go:87.2,88.16 2 1
github.com/vechain/thor/api/transactions/transactions.go:88.16,90.3 1 0
github.com/vechain/thor/api/transactions/transactions.go:91.2,91.52 1 1
github.com/vechain/thor/api/transactions/transactions.go:95.106,98.16 3 1
github.com/vechain/thor/api/transactions/transactions.go:98.16,99.29 1 0
github.com/vechain/thor/api/transactions/transactions.go:99.29,101.4 1 0
github.com/vechain/thor/api/transactions/transactions.go:102.3,102.18 1 0
github.com/vechain/thor/api/transactions/transactions.go:105.2,106.16 2 1
github.com/vechain/thor/api/transactions/transactions.go:106.16,108.3 1 0
github.com/vechain/thor/api/transactions/transactions.go:110.2,111.16 2 1
github.com/vechain/thor/api/transactions/transactions.go:111.16,113.3 1 0
github.com/vechain/thor/api/transactions/transactions.go:115.2,115.52 1 1
github.com/vechain/thor/api/transactions/transactions.go:117.94,119.58 2 1
github.com/vechain/thor/api/transactions/transactions.go:119.58,121.3 1 0
github.com/vechain/thor/api/transactions/transactions.go:122.2,123.16 2 1
github.com/vechain/thor/api/transactions/transactions.go:123.16,125.3 1 0
github.com/vechain/thor/api/transactions/transactions.go:127.2,127.44 1 1
github.com/vechain/thor/api/transactions/transactions.go:127.44,128.26 1 0
github.com/vechain/thor/api/transactions/transactions.go:128.26,130.4 1 0
github.com/vechain/thor/api/transactions/transactions.go:131.3,131.31 1 0
github.com/vechain/thor/api/transactions/transactions.go:131.31,133.4 1 0
github.com/vechain/thor/api/transactions/transactions.go:134.3,134.13 1 0
github.com/vechain/thor/api/transactions/transactions.go:136.2,138.4 1 1
github.com/vechain/thor/api/transactions/transactions.go:141.97,144.16 3 1
github.com/vechain/thor/api/transactions/transactions.go:144.16,146.3 1 0
github.com/vechain/thor/api/transactions/transactions.go:147.2,148.16 2 1
github.com/vechain/thor/api/transactions/transactions.go:148.16,150.3 1 0
github.com/vechain/thor/api/transactions/transactions.go:151.2,151.56 1 1
github.com/vechain/thor/api/transactions/transactions.go:151.56,152.29 1 0
github.com/vechain/thor/api/transactions/transactions.go:152.29,154.4 1 0
github.com/vechain/thor/api/transactions/transactions.go:157.2,158.50 2 1
github.com/vechain/thor/api/transactions/transactions.go:158.50,160.3 1 0
github.com/vechain/thor/api/transactions/transactions.go:161.2,162.62 2 1
github.com/vechain/thor/api/transactions/transactions.go:162.62,164.3 1 0
github.com/vechain/thor/api/transactions/transactions.go:166.2,166.19 1 1
github.com/vechain/thor/api/transactions/transactions.go:166.19,168.17 2 1
github.com/vechain/thor/api/transactions/transactions.go:168.17,170.4 1 0
github.com/vechain/thor/api/transactions/transactions.go:171.3,171.32 1 1
github.com/vechain/thor/api/transactions/transactions.go:173.2,174.16 2 1
github.com/vechain/thor/api/transactions/transactions.go:174.16,176.3 1 0
github.com/vechain/thor/api/transactions/transactions.go:177.2,177.31 1 1
github.com/vechain/thor/api/transactions/transactions.go:181.104,184.16 3 1
github.com/vechain/thor/api/transactions/transactions.go:184.16,186.3 1 0
github.com/vechain/thor/api/transactions/transactions.go:187.2,188.16 2 1
github.com/vechain/thor/api/transactions/transactions.go:188.16,190.3 1 0
github.com/vechain/thor/api/transactions/transactions.go:192.2,192.56 1 1
github.com/vechain/thor/api/transactions/transactions.go:192.56,193.29 1 0
github.com/vechain/thor/api/transactions/transactions.go:193.29,195.4 1 0
github.com/vechain/thor/api/transactions/transactions.go:198.2,199.16 2 1
github.com/vechain/thor/api/transactions/transactions.go:199.16,201.3 1 0
github.com/vechain/thor/api/transactions/transactions.go:202.2,202.36 1 1
github.com/vechain/thor/api/transactions/transactions.go:205.69,206.16 1 1
github.com/vechain/thor/api/transactions/transactions.go:206.16,208.3 1 1
github.com/vechain/thor/api/transactions/transactions.go:209.2,210.16 2 0
github.com/vechain/thor/api/transactions/transactions.go:210.16,212.3 1 0
github.com/vechain/thor/api/transactions/transactions.go:213.2,213.15 1 0
github.com/vechain/thor/api/transactions/transactions.go:216.67,222.2 4 1
github.com/vechain/thor/api/transactions/types.go:30.41,36.2 1 1
github.com/vechain/thor/api/transactions/types.go:38.34,46.2 1 0
github.com/vechain/thor/api/transactions/types.go:69.53,71.16 2 1
github.com/vechain/thor/api/transactions/types.go:71.16,73.3 1 0
github.com/vechain/thor/api/transactions/types.go:74.2,75.51 2 1
github.com/vechain/thor/api/transactions/types.go:75.51,77.3 1 0
github.com/vechain/thor/api/transactions/types.go:78.2,78.16 1 1
github.com/vechain/thor/api/transactions/types.go:87.80,93.33 4 1
github.com/vechain/thor/api/transactions/types.go:93.33,95.3 1 1
github.com/vechain/thor/api/transactions/types.go:96.2,112.19 3 1
github.com/vechain/thor/api/transactions/types.go:112.19,118.3 1 1
github.com/vechain/thor/api/transactions/types.go:119.2,119.10 1 1
github.com/vechain/thor/api/transactions/types.go:169.104,173.16 4 1
github.com/vechain/thor/api/transactions/types.go:173.16,175.3 1 0
github.com/vechain/thor/api/transactions/types.go:176.2,191.43 3 1
github.com/vechain/thor/api/transactions/types.go:191.43,194.25 3 1
github.com/vechain/thor/api/transactions/types.go:194.25,197.4 2 0
github.com/vechain/thor/api/transactions/types.go:198.3,202.41 2 1
github.com/vechain/thor/api/transactions/types.go:202.41,208.41 3 0
github.com/vechain/thor/api/transactions/types.go:208.41,210.5 1 0
github.com/vechain/thor/api/transactions/types.go:211.4,211.25 1 0
github.com/vechain/thor/api/transactions/types.go:214.3,214.47 1 1
github.com/vechain/thor/api/transactions/types.go:214.47,221.4 2 1
github.com/vechain/thor/api/transactions/types.go:222.3,222.27 1 1
github.com/vechain/thor/api/transactions/types.go:224.2,224.21 1 1
github.com/vechain/thor/block/block.go:39.58,44.2 1 1
github.com/vechain/thor/block/block.go:47.50,52.2 1 1
github.com/vechain/thor/block/block.go:55.34,57.2 1 1
github.com/vechain/thor/block/block.go:60.48,62.2 1 1
github.com/vechain/thor/block/block.go:65.30,67.2 1 0
github.com/vechain/thor/block/block.go:70.46,75.2 1 1
github.com/vechain/thor/block/block.go:78.48,85.43 3 1
github.com/vechain/thor/block/block.go:85.43,87.3 1 0
github.com/vechain/thor/block/block.go:89.2,94.12 3 1
github.com/vechain/thor/block/block.go:98.43,99.50 1 0
github.com/vechain/thor/block/block.go:99.50,101.3 1 0
github.com/vechain/thor/block/block.go:102.2,105.13 4 0
github.com/vechain/thor/block/block.go:108.33,112.2 1 0
github.com/vechain/thor/block/builder.go:20.54,23.2 2 1
github.com/vechain/thor/block/builder.go:26.49,29.2 2 1
github.com/vechain/thor/block/builder.go:32.53,35.2 2 1
github.com/vechain/thor/block/builder.go:38.51,41.2 2 1
github.com/vechain/thor/block/builder.go:44.49,47.2 2 1
github.com/vechain/thor/block/builder.go:50.59,53.2 2 1
github.com/vechain/thor/block/builder.go:56.57,59.2 2 1
github.com/vechain/thor/block/builder.go:62.60,65.2 2 1
github.com/vechain/thor/block/builder.go:68.60,71.2 2 1
github.com/vechain/thor/block/builder.go:74.70,77.2 2 1
github.com/vechain/thor/block/builder.go:80.48,83.2 2 1
github.com/vechain/thor/block/builder.go:86.34,89.2 2 0
github.com/vechain/thor/block/builder.go:92.34,100.2 3 1
github.com/vechain/thor/block/complex_signature.go:16.77,17.26 1 1
github.com/vechain/thor/block/complex_signature.go:17.26,19.3 1 0
github.com/vechain/thor/block/complex_signature.go:20.2,20.22 1 1
github.com/vechain/thor/block/complex_signature.go:20.22,22.3 1 0
github.com/vechain/thor/block/complex_signature.go:24.2,29.16 5 1
github.com/vechain/thor/block/complex_signature.go:33.47,35.2 1 1
github.com/vechain/thor/block/complex_signature.go:38.43,40.2 1 0
github.com/vechain/thor/block/extension.go:23.51,24.12 1 1
github.com/vechain/thor/block/extension.go:24.12,26.3 1 1
github.com/vechain/thor/block/extension.go:28.2,28.24 1 1
github.com/vechain/thor/block/extension.go:28.24,32.3 1 1
github.com/vechain/thor/block/extension.go:33.2,33.12 1 1
github.com/vechain/thor/block/extension.go:37.53,40.40 2 1
github.com/vechain/thor/block/extension.go:40.40,43.21 1 1
github.com/vechain/thor/block/extension.go:43.21,49.4 2 1
github.com/vechain/thor/block/extension.go:52.2,52.37 1 1
github.com/vechain/thor/block/extension.go:52.37,54.3 1 0
github.com/vechain/thor/block/extension.go:54.8,56.58 2 1
github.com/vechain/thor/block/extension.go:56.58,58.4 1 0
github.com/vechain/thor/block/extension.go:61.3,61.21 1 1
github.com/vechain/thor/block/extension.go:61.21,62.23 1 1
github.com/vechain/thor/block/extension.go:62.23,64.5 1 1
github.com/vechain/thor/block/extension.go:66.4,70.14 2 1
github.com/vechain/thor/block/extension.go:73.3,74.56 2 1
github.com/vechain/thor/block/extension.go:74.56,76.4 1 0
github.com/vechain/thor/block/extension.go:79.3,79.11 1 1
github.com/vechain/thor/block/extension.go:79.11,81.4 1 0
github.com/vechain/thor/block/extension.go:83.3,87.13 2 1
github.com/vechain/thor/block/gas_limit.go:18.56,20.33 2 1
github.com/vechain/thor/block/gas_limit.go:20.33,22.3 1 1
github.com/vechain/thor/block/gas_limit.go:23.2,24.31 2 1
github.com/vechain/thor/block/gas_limit.go:24.31,26.3 1 1
github.com/vechain/thor/block/gas_limit.go:26.8,28.3 1 1
github.com/vechain/thor/block/gas_limit.go:30.2,30.57 1 1
github.com/vechain/thor/block/gas_limit.go:35.58,38.31 3 1
github.com/vechain/thor/block/gas_limit.go:38.31,41.3 2 1
github.com/vechain/thor/block/gas_limit.go:42.2,43.54 2 1
github.com/vechain/thor/block/gas_limit.go:48.47,52.15 3 1
github.com/vechain/thor/block/gas_limit.go:52.15,55.37 2 1
github.com/vechain/thor/block/gas_limit.go:55.37,58.4 1 1
github.com/vechain/thor/block/gas_limit.go:59.3,59.25 1 1
github.com/vechain/thor/block/gas_limit.go:63.2,64.38 2 1
github.com/vechain/thor/block/gas_limit.go:64.38,67.3 1 1
github.com/vechain/thor/block/gas_limit.go:68.2,68.24 1 1
github.com/vechain/thor/block/gas_limit.go:71.32,72.11 1 1
github.com/vechain/thor/block/gas_limit.go:72.11,74.3 1 1
github.com/vechain/thor/block/gas_limit.go:75.2,75.10 1 1
github.com/vechain/thor/block/header.go:57.42,59.2 1 1
github.com/vechain/thor/block/header.go:62.34,65.2 1 1
github.com/vechain/thor/block/header.go:68.37,70.2 1 1
github.com/vechain/thor/block/header.go:73.38,75.2 1 1
github.com/vechain/thor/block/header.go:78.36,80.2 1 1
github.com/vechain/thor/block/header.go:83.35,85.2 1 1
github.com/vechain/thor/block/header.go:88.45,90.2 1 1
github.com/vechain/thor/block/header.go:93.41,95.2 1 1
github.com/vechain/thor/block/header.go:98.44,100.2 1 1
github.com/vechain/thor/block/header.go:103.43,105.2 1 1
github.com/vechain/thor/block/header.go:108.46,110.2 1 1
github.com/vechain/thor/block/header.go:114.41,115.48 1 1
github.com/vechain/thor/block/header.go:115.48,117.3 1 1
github.com/vechain/thor/block/header.go:118.2,118.15 1 1
github.com/vechain/thor/block/header.go:118.15,122.3 2 1
github.com/vechain/thor/block/header.go:124.2,125.16 2 1
github.com/vechain/thor/block/header.go:125.16,127.3 1 0
github.com/vechain/thor/block/header.go:129.2,129.57 1 1
github.com/vechain/thor/block/header.go:133.52,134.57 1 1
github.com/vechain/thor/block/header.go:134.57,136.3 1 1
github.com/vechain/thor/block/header.go:137.2,137.15 1 1
github.com/vechain/thor/block/header.go:137.15,137.50 1 1
github.com/vechain/thor/block/header.go:139.2,139.42 1 1
github.com/vechain/thor/block/header.go:139.42,153.3 1 1
github.com/vechain/thor/block/header.go:157.37,159.2 1 0
github.com/vechain/thor/block/header.go:162.52,166.2 3 1
github.com/vechain/thor/block/header.go:169.64,170.52 1 1
github.com/vechain/thor/block/header.go:170.52,172.3 1 0
github.com/vechain/thor/block/header.go:174.2,174.15 1 1
github.com/vechain/thor/block/header.go:174.15,175.17 1 1
github.com/vechain/thor/block/header.go:175.17,177.4 1 1
github.com/vechain/thor/block/header.go:180.2,180.32 1 1
github.com/vechain/thor/block/header.go:180.32,182.3 1 0
github.com/vechain/thor/block/header.go:184.2,184.97 1 1
github.com/vechain/thor/block/header.go:188.49,189.21 1 1
github.com/vechain/thor/block/header.go:189.21,192.3 1 0
github.com/vechain/thor/block/header.go:194.2,195.16 2 1
github.com/vechain/thor/block/header.go:195.16,197.3 1 0
github.com/vechain/thor/block/header.go:199.2,199.56 1 1
github.com/vechain/thor/block/header.go:203.33,205.2 1 0
github.com/vechain/thor/block/header.go:208.29,210.2 1 0
github.com/vechain/thor/block/header.go:213.50,214.52 1 0
github.com/vechain/thor/block/header.go:214.52,216.3 1 0
github.com/vechain/thor/block/header.go:218.2,218.50 1 0
github.com/vechain/thor/block/header.go:218.50,220.3 1 0
github.com/vechain/thor/block/header.go:221.2,221.15 1 0
github.com/vechain/thor/block/header.go:221.15,222.17 1 0
github.com/vechain/thor/block/header.go:222.17,224.4 1 0
github.com/vechain/thor/block/header.go:227.2,227.45 1 0
github.com/vechain/thor/block/header.go:227.45,229.3 1 0
github.com/vechain/thor/block/header.go:230.2,231.16 2 0
github.com/vechain/thor/block/header.go:231.16,233.3 1 0
github.com/vechain/thor/block/header.go:235.2,235.92 1 0
github.com/vechain/thor/block/header.go:239.47,241.2 1 1
github.com/vechain/thor/block/header.go:244.49,247.40 2 1
github.com/vechain/thor/block/header.go:247.40,249.3 1 1
github.com/vechain/thor/block/header.go:251.2,252.12 2 1
github.com/vechain/thor/block/header.go:255.34,257.43 2 0
github.com/vechain/thor/block/header.go:257.43,259.3 1 0
github.com/vechain/thor/block/header.go:259.8,261.3 1 0
github.com/vechain/thor/block/header.go:263.2,280.167 1 0
github.com/vechain/thor/block/header.go:284.49,288.13 3 1
github.com/vechain/thor/block/header.go:288.13,290.3 1 1
github.com/vechain/thor/block/header.go:291.2,291.13 1 1
github.com/vechain/thor/block/header.go:291.13,293.3 1 1
github.com/vechain/thor/block/header.go:298.2,298.62 1 1
github.com/vechain/thor/block/header.go:302.42,305.2 1 1
github.com/vechain/thor/block/raw.go:19.46,21.16 2 0
github.com/vechain/thor/block/raw.go:21.16,23.3 1 0
github.com/vechain/thor/block/raw.go:25.2,26.70 2 0
github.com/vechain/thor/block/raw.go:26.70,28.3 1 0
github.com/vechain/thor/block/raw.go:29.2,29.21 1 0
github.com/vechain/thor/block/raw.go:33.42,35.16 2 0
github.com/vechain/thor/block/raw.go:35.16,37.3 1 0
github.com/vechain/thor/block/raw.go:39.2,40.16 2 0
github.com/vechain/thor/block/raw.go:40.16,42.3 1 0
github.com/vechain/thor/block/raw.go:43.2,44.64 2 0
github.com/vechain/thor/block/raw.go:44.64,46.3 1 0
github.com/vechain/thor/block/raw.go:47.2,47.24 1 0
github.com/vechain/thor/block/txs_root_features.go:24.58,25.23 1 1
github.com/vechain/thor/block/txs_root_features.go:25.23,28.3 1 1
github.com/vechain/thor/block/txs_root_features.go:30.2,30.48 1 1
github.com/vechain/thor/block/txs_root_features.go:33.60,35.22 2 1
github.com/vechain/thor/block/txs_root_features.go:35.22,37.40 2 1
github.com/vechain/thor/block/txs_root_features.go:37.40,39.4 1 0
github.com/vechain/thor/block/txs_root_features.go:40.3,40.30 1 1
github.com/vechain/thor/block/txs_root_features.go:41.8,43.41 2 1
github.com/vechain/thor/block/txs_root_features.go:43.41,45.4 1 0
github.com/vechain/thor/block/txs_root_features.go:46.3,49.4 1 1
github.com/vechain/thor/block/txs_root_features.go:51.2,51.12 1 1
github.com/vechain/thor/blake2b/blake2b.go:53.37,57.2 3 1
github.com/vechain/thor/blake2b/blake2b.go:60.40,66.2 5 1
github.com/vechain/thor/blake2b/blake2b.go:69.40,75.2 5 1
github.com/vechain/thor/blake2b/blake2b.go:79.44,79.75 1 1
github.com/vechain/thor/blake2b/blake2b.go:83.44,83.78 1 1
github.com/vechain/thor/blake2b/blake2b.go:87.44,87.78 1 1
github.com/vechain/thor/blake2b/blake2b.go:97.51,97.82 1 1
github.com/vechain/thor/blake2b/blake2b.go:103.76,105.11 2 1
github.com/vechain/thor/blake2b/blake2b.go:105.11,107.3 1 1
github.com/vechain/thor/blake2b/blake2b.go:108.2,108.44 1 1
github.com/vechain/thor/blake2b/blake2b.go:111.59,112.37 1 1
github.com/vechain/thor/blake2b/blake2b.go:112.37,114.3 1 0
github.com/vechain/thor/blake2b/blake2b.go:115.2,115.21 1 1
github.com/vechain/thor/blake2b/blake2b.go:115.21,117.3 1 0
github.com/vechain/thor/blake2b/blake2b.go:118.2,124.15 4 1
github.com/vechain/thor/blake2b/blake2b.go:127.59,132.45 4 1
github.com/vechain/thor/blake2b/blake2b.go:132.45,134.18 2 1
github.com/vechain/thor/blake2b/blake2b.go:134.18,136.4 1 1
github.com/vechain/thor/blake2b/blake2b.go:137.3,138.18 2 1
github.com/vechain/thor/blake2b/blake2b.go:141.2,144.22 4 1
github.com/vechain/thor/blake2b/blake2b.go:144.22,146.3 1 1
github.com/vechain/thor/blake2b/blake2b.go:147.2,151.39 3 1
github.com/vechain/thor/blake2b/blake2b.go:151.39,153.3 1 1
github.com/vechain/thor/blake2b/blake2b.go:156.73,160.31 3 1
github.com/vechain/thor/blake2b/blake2b.go:160.31,162.21 2 1
github.com/vechain/thor/blake2b/blake2b.go:162.21,164.4 1 1
github.com/vechain/thor/blake2b/blake2b.go:165.3,165.20 1 1
github.com/vechain/thor/blake2b/blake2b.go:165.20,168.4 2 1
github.com/vechain/thor/blake2b/blake2b.go:169.3,169.29 1 1
github.com/vechain/thor/blake2b/blake2b.go:171.2,171.21 1 1
github.com/vechain/thor/blake2b/blake2b.go:190.50,191.19 1 1
github.com/vechain/thor/blake2b/blake2b.go:191.19,193.3 1 0
github.com/vechain/thor/blake2b/blake2b.go:194.2,196.25 3 1
github.com/vechain/thor/blake2b/blake2b.go:196.25,198.3 1 1
github.com/vechain/thor/blake2b/blake2b.go:199.2,205.15 6 1
github.com/vechain/thor/blake2b/blake2b.go:208.50,209.60 1 1
github.com/vechain/thor/blake2b/blake2b.go:209.60,211.3 1 0
github.com/vechain/thor/blake2b/blake2b.go:212.2,212.29 1 1
github.com/vechain/thor/blake2b/blake2b.go:212.29,214.3 1 0
github.com/vechain/thor/blake2b/blake2b.go:215.2,216.25 2 1
github.com/vechain/thor/blake2b/blake2b.go:216.25,218.3 1 1
github.com/vechain/thor/blake2b/blake2b.go:219.2,226.12 8 1
github.com/vechain/thor/blake2b/blake2b.go:229.34,229.54 1 0
github.com/vechain/thor/blake2b/blake2b.go:231.29,231.46 1 0
github.com/vechain/thor/blake2b/blake2b.go:233.26,237.18 4 1
github.com/vechain/thor/blake2b/blake2b.go:237.18,240.3 2 1
github.com/vechain/thor/blake2b/blake2b.go:243.53,246.18 2 1
github.com/vechain/thor/blake2b/blake2b.go:246.18,248.21 2 1
github.com/vechain/thor/blake2b/blake2b.go:248.21,251.4 2 1
github.com/vechain/thor/blake2b/blake2b.go:252.3,255.20 4 1
github.com/vechain/thor/blake2b/blake2b.go:258.2,258.42 1 1
github.com/vechain/thor/blake2b/blake2b.go:258.42,260.19 2 1
github.com/vechain/thor/blake2b/blake2b.go:260.19,262.4 1 1
github.com/vechain/thor/blake2b/blake2b.go:263.3,264.13 2 1
github.com/vechain/thor/blake2b/blake2b.go:267.2,267.16 1 1
github.com/vechain/thor/blake2b/blake2b.go:267.16,269.3 1 1
github.com/vechain/thor/blake2b/blake2b.go:271.2,271.8 1 1
github.com/vechain/thor/blake2b/blake2b.go:274.41,278.2 3 1
github.com/vechain/thor/blake2b/blake2b.go:280.45,286.22 5 1
github.com/vechain/thor/blake2b/blake2b.go:286.22,288.3 1 1
github.com/vechain/thor/blake2b/blake2b.go:289.2,294.22 4 1
github.com/vechain/thor/blake2b/blake2b.go:294.22,296.3 1 1
github.com/vechain/thor/blake2b/blake2b.go:299.46,303.2 3 1
github.com/vechain/thor/blake2b/blake2b.go:305.46,309.2 3 0
github.com/vechain/thor/blake2b/blake2b.go:311.47,314.2 2 1
github.com/vechain/thor/blake2b/blake2b.go:316.47,319.2 2 0
github.com/vechain/thor/blake2b/blake2b_generic.go:28.80,32.31 3 0
github.com/vechain/thor/blake2b/blake2b_generic.go:32.31,34.21 2 0
github.com/vechain/thor/blake2b/blake2b_generic.go:34.21,36.4 1 0
github.com/vechain/thor/blake2b/blake2b_generic.go:37.3,37.20 1 0
github.com/vechain/thor/blake2b/blake2b_generic.go:37.20,40.4 2 0
github.com/vechain/thor/blake2b/blake2b_generic.go:41.3,41.36 1 0
github.com/vechain/thor/blake2b/blake2b_generic.go:43.2,43.21 1 0
github.com/vechain/thor/blake2b/blake2b_generic.go:46.87,53.35 6 1
github.com/vechain/thor/blake2b/blake2b_generic.go:53.35,171.3 113 1
github.com/vechain/thor/blake2b/blake2b_generic.go:172.2,179.18 8 1
github.com/vechain/thor/blake2b/blake2b_ref.go:9.80,11.2 1 1
github.com/vechain/thor/blake2b/blake2x.go:50.51,51.21 1 1
github.com/vechain/thor/blake2b/blake2x.go:51.21,53.3 1 0
github.com/vechain/thor/blake2b/blake2x.go:54.2,54.38 1 1
github.com/vechain/thor/blake2b/blake2x.go:54.38,58.3 1 0
github.com/vechain/thor/blake2b/blake2x.go:59.2,59.33 1 1
github.com/vechain/thor/blake2b/blake2x.go:59.33,61.3 1 1
github.com/vechain/thor/blake2b/blake2x.go:62.2,71.15 4 1
github.com/vechain/thor/blake2b/blake2x.go:84.50,85.16 1 1
github.com/vechain/thor/blake2b/blake2x.go:85.16,86.44 1 0
github.com/vechain/thor/blake2b/blake2x.go:88.2,88.21 1 1
github.com/vechain/thor/blake2b/blake2x.go:91.27,94.2 2 1
github.com/vechain/thor/blake2b/blake2x.go:96.23,106.45 8 1
github.com/vechain/thor/blake2b/blake2x.go:106.45,108.3 1 1
github.com/vechain/thor/blake2b/blake2x.go:109.2,110.20 2 1
github.com/vechain/thor/blake2b/blake2x.go:113.49,114.17 1 1
github.com/vechain/thor/blake2b/blake2x.go:114.17,117.3 2 1
github.com/vechain/thor/blake2b/blake2x.go:119.2,119.22 1 1
github.com/vechain/thor/blake2b/blake2x.go:119.22,121.3 1 1
github.com/vechain/thor/blake2b/blake2x.go:123.2,124.29 2 1
github.com/vechain/thor/blake2b/blake2x.go:124.29,127.3 2 0
github.com/vechain/thor/blake2b/blake2x.go:129.2,129.18 1 1
github.com/vechain/thor/blake2b/blake2x.go:129.18,131.25 2 1
github.com/vechain/thor/blake2b/blake2x.go:131.25,135.4 3 1
github.com/vechain/thor/blake2b/blake2x.go:136.3,139.40 4 1
github.com/vechain/thor/blake2b/blake2x.go:142.2,142.21 1 1
github.com/vechain/thor/blake2b/blake2x.go:142.21,153.3 8 1
github.com/vechain/thor/blake2b/blake2x.go:155.2,155.30 1 1
github.com/vechain/thor/blake2b/blake2x.go:155.30,156.33 1 1
github.com/vechain/thor/blake2b/blake2x.go:156.33,158.4 1 1
github.com/vechain/thor/blake2b/blake2x.go:159.3,167.30 7 1
github.com/vechain/thor/blake2b/blake2x.go:169.2,169.8 1 1
github.com/vechain/thor/blake2b/blake2x.go:172.46,174.21 2 1
github.com/vechain/thor/blake2b/blake2x.go:174.21,176.3 1 1
github.com/vechain/thor/blake2b/register.go:14.13,15.33 1 1
github.com/vechain/thor/blake2b/register.go:15.33,18.3 2 0
github.com/vechain/thor/blake2b/register.go:19.2,19.33 1 1
github.com/vechain/thor/blake2b/register.go:19.33,22.3 2 0
github.com/vechain/thor/blake2b/register.go:24.2,24.33 1 1
github.com/vechain/thor/blake2b/register.go:24.33,27.3 2 0
github.com/vechain/thor/blake2b/register.go:29.2,31.53 3 1
github.com/vechain/thor/builtin/authority_native.go:14.13,19.65 1 1
github.com/vechain/thor/builtin/authority_native.go:19.65,23.18 3 1
github.com/vechain/thor/builtin/authority_native.go:23.18,24.15 1 0
github.com/vechain/thor/builtin/authority_native.go:27.4,28.30 2 1
github.com/vechain/thor/builtin/authority_native.go:30.60,43.18 5 1
github.com/vechain/thor/builtin/authority_native.go:43.18,44.15 1 0
github.com/vechain/thor/builtin/authority_native.go:47.4,47.10 1 1
github.com/vechain/thor/builtin/authority_native.go:47.10,50.5 2 1
github.com/vechain/thor/builtin/authority_native.go:51.4,51.28 1 1
github.com/vechain/thor/builtin/authority_native.go:53.63,59.18 5 1
github.com/vechain/thor/builtin/authority_native.go:59.18,60.15 1 0
github.com/vechain/thor/builtin/authority_native.go:62.4,62.10 1 1
github.com/vechain/thor/builtin/authority_native.go:62.10,64.5 1 1
github.com/vechain/thor/builtin/authority_native.go:65.4,65.28 1 1
github.com/vechain/thor/builtin/authority_native.go:67.60,73.18 5 1
github.com/vechain/thor/builtin/authority_native.go:73.18,74.15 1 0
github.com/vechain/thor/builtin/authority_native.go:77.4,77.60 1 1
github.com/vechain/thor/builtin/authority_native.go:79.62,82.18 3 1
github.com/vechain/thor/builtin/authority_native.go:82.18,83.15 1 0
github.com/vechain/thor/builtin/authority_native.go:85.4,85.25 1 1
github.com/vechain/thor/builtin/authority_native.go:85.25,87.5 1 1
github.com/vechain/thor/builtin/authority_native.go:88.4,88.40 1 1
github.com/vechain/thor/builtin/authority_native.go:90.61,96.18 5 1
github.com/vechain/thor/builtin/authority_native.go:96.18,97.15 1 0
github.com/vechain/thor/builtin/authority_native.go:99.4,99.19 1 1
github.com/vechain/thor/builtin/authority_native.go:99.19,101.5 1 1
github.com/vechain/thor/builtin/authority_native.go:102.4,102.40 1 1
github.com/vechain/thor/builtin/authority_native.go:104.67,110.18 5 1
github.com/vechain/thor/builtin/authority_native.go:110.18,111.15 1 0
github.com/vechain/thor/builtin/authority_native.go:113.4,113.15 1 1
github.com/vechain/thor/builtin/authority_native.go:113.15,115.5 1 0
github.com/vechain/thor/builtin/authority_native.go:117.4,119.18 3 1
github.com/vechain/thor/builtin/authority_native.go:119.18,120.15 1 0
github.com/vechain/thor/builtin/authority_native.go:123.4,125.18 3 1
github.com/vechain/thor/builtin/authority_native.go:125.18,126.15 1 0
github.com/vechain/thor/builtin/authority_native.go:128.4,128.51 1 1
github.com/vechain/thor/builtin/authority_native.go:131.2,132.30 2 1
github.com/vechain/thor/builtin/authority_native.go:132.30,133.57 1 1
github.com/vechain/thor/builtin/authority_native.go:133.57,138.4 1 1
github.com/vechain/thor/builtin/authority_native.go:138.9,139.42 1 0
github.com/vechain/thor/builtin/builtin.go:47.68,49.2 1 1
github.com/vechain/thor/builtin/builtin.go:51.77,53.2 1 1
github.com/vechain/thor/builtin/builtin.go:55.86,57.2 1 1
github.com/vechain/thor/builtin/builtin.go:59.77,61.2 1 1
github.com/vechain/thor/builtin/builtin.go:63.47,67.16 4 1
github.com/vechain/thor/builtin/builtin.go:67.16,68.49 1 0
github.com/vechain/thor/builtin/builtin.go:70.2,70.12 1 1
github.com/vechain/thor/builtin/builtin.go:86.111,88.16 2 1
github.com/vechain/thor/builtin/builtin.go:88.16,90.3 1 0
github.com/vechain/thor/builtin/builtin.go:92.2,93.19 2 1
github.com/vechain/thor/builtin/builtin.go:93.19,95.3 1 0
github.com/vechain/thor/builtin/builtin.go:96.2,96.37 1 1
github.com/vechain/thor/builtin/contract.go:23.46,27.16 4 1
github.com/vechain/thor/builtin/contract.go:27.16,28.53 1 0
github.com/vechain/thor/builtin/contract.go:31.2,35.3 1 1
github.com/vechain/thor/builtin/contract.go:39.46,42.16 3 1
github.com/vechain/thor/builtin/contract.go:42.16,43.69 1 0
github.com/vechain/thor/builtin/contract.go:45.2,45.13 1 1
github.com/vechain/thor/builtin/contract.go:48.41,52.16 4 1
github.com/vechain/thor/builtin/contract.go:52.16,53.62 1 0
github.com/vechain/thor/builtin/contract.go:55.2,55.12 1 1
github.com/vechain/thor/builtin/energy_native.go:16.13,21.68 1 1
github.com/vechain/thor/builtin/energy_native.go:21.68,24.18 3 1
github.com/vechain/thor/builtin/energy_native.go:24.18,25.15 1 0
github.com/vechain/thor/builtin/energy_native.go:27.4,27.32 1 1
github.com/vechain/thor/builtin/energy_native.go:29.68,32.18 3 1
github.com/vechain/thor/builtin/energy_native.go:32.18,33.15 1 0
github.com/vechain/thor/builtin/energy_native.go:35.4,35.32 1 1
github.com/vechain/thor/builtin/energy_native.go:37.60,43.18 5 1
github.com/vechain/thor/builtin/energy_native.go:43.18,44.15 1 0
github.com/vechain/thor/builtin/energy_native.go:46.4,46.29 1 1
github.com/vechain/thor/builtin/energy_native.go:48.60,54.31 3 1
github.com/vechain/thor/builtin/energy_native.go:54.31,56.5 1 0
github.com/vechain/thor/builtin/energy_native.go:58.4,61.18 3 1
github.com/vechain/thor/builtin/energy_native.go:61.18,62.15 1 0
github.com/vechain/thor/builtin/energy_native.go:64.4,64.13 1 1
github.com/vechain/thor/builtin/energy_native.go:64.13,66.5 1 1
github.com/vechain/thor/builtin/energy_native.go:66.10,68.5 1 1
github.com/vechain/thor/builtin/energy_native.go:69.4,69.120 1 1
github.com/vechain/thor/builtin/energy_native.go:69.120,70.15 1 0
github.com/vechain/thor/builtin/energy_native.go:72.4,72.14 1 1
github.com/vechain/thor/builtin/energy_native.go:74.60,80.31 3 1
github.com/vechain/thor/builtin/energy_native.go:80.31,82.5 1 0
github.com/vechain/thor/builtin/energy_native.go:84.4,86.18 3 1
github.com/vechain/thor/builtin/energy_native.go:86.18,87.15 1 0
github.com/vechain/thor/builtin/energy_native.go:89.4,89.10 1 1
github.com/vechain/thor/builtin/energy_native.go:89.10,91.5 1 1
github.com/vechain/thor/builtin/energy_native.go:92.4,92.28 1 1
github.com/vechain/thor/builtin/energy_native.go:94.63,100.18 5 1
github.com/vechain/thor/builtin/energy_native.go:100.18,101.15 1 0
github.com/vechain/thor/builtin/energy_native.go:103.4,103.32 1 1
github.com/vechain/thor/builtin/energy_native.go:106.2,107.30 2 1
github.com/vechain/thor/builtin/energy_native.go:107.30,108.57 1 1
github.com/vechain/thor/builtin/energy_native.go:108.57,113.4 1 1
github.com/vechain/thor/builtin/energy_native.go:113.9,114.42 1 0
github.com/vechain/thor/builtin/extension_native.go:18.13,23.67 1 1
github.com/vechain/thor/builtin/extension_native.go:23.67,29.4 5 1
github.com/vechain/thor/builtin/extension_native.go:30.64,33.45 3 1
github.com/vechain/thor/builtin/extension_native.go:33.45,35.5 1 1
github.com/vechain/thor/builtin/extension_native.go:37.4,39.18 3 1
github.com/vechain/thor/builtin/extension_native.go:39.18,40.15 1 0
github.com/vechain/thor/builtin/extension_native.go:42.4,42.32 1 1
github.com/vechain/thor/builtin/extension_native.go:44.72,48.44 3 1
github.com/vechain/thor/builtin/extension_native.go:48.44,50.5 1 1
github.com/vechain/thor/builtin/extension_native.go:52.4,52.45 1 1
github.com/vechain/thor/builtin/extension_native.go:52.45,54.5 1 1
github.com/vechain/thor/builtin/extension_native.go:56.4,59.18 4 1
github.com/vechain/thor/builtin/extension_native.go:59.18,60.15 1 0
github.com/vechain/thor/builtin/extension_native.go:62.4,62.45 1 1
github.com/vechain/thor/builtin/extension_native.go:64.66,68.44 3 1
github.com/vechain/thor/builtin/extension_native.go:68.44,70.5 1 1
github.com/vechain/thor/builtin/extension_native.go:72.4,72.45 1 1
github.com/vechain/thor/builtin/extension_native.go:72.45,74.5 1 1
github.com/vechain/thor/builtin/extension_native.go:76.4,79.18 4 1
github.com/vechain/thor/builtin/extension_native.go:79.18,80.15 1 0
github.com/vechain/thor/builtin/extension_native.go:82.4,82.44 1 1
github.com/vechain/thor/builtin/extension_native.go:84.68,88.44 3 1
github.com/vechain/thor/builtin/extension_native.go:88.44,90.5 1 1
github.com/vechain/thor/builtin/extension_native.go:92.4,92.45 1 1
github.com/vechain/thor/builtin/extension_native.go:92.45,94.5 1 1
github.com/vechain/thor/builtin/extension_native.go:96.4,99.18 4 1
github.com/vechain/thor/builtin/extension_native.go:99.18,100.15 1 0
github.com/vechain/thor/builtin/extension_native.go:102.4,103.18 2 1
github.com/vechain/thor/builtin/extension_native.go:103.18,104.15 1 0
github.com/vechain/thor/builtin/extension_native.go:106.4,106.32 1 1
github.com/vechain/thor/builtin/extension_native.go:108.68,111.18 3 1
github.com/vechain/thor/builtin/extension_native.go:111.18,112.15 1 0
github.com/vechain/thor/builtin/extension_native.go:114.4,114.32 1 1
github.com/vechain/thor/builtin/extension_native.go:116.69,119.4 2 1
github.com/vechain/thor/builtin/extension_native.go:120.61,123.4 2 1
github.com/vechain/thor/builtin/extension_native.go:125.67,128.4 2 1
github.com/vechain/thor/builtin/extension_native.go:129.69,132.4 2 1
github.com/vechain/thor/builtin/extension_native.go:133.67,136.4 2 1
github.com/vechain/thor/builtin/extension_native.go:139.2,140.30 2 1
github.com/vechain/thor/builtin/extension_native.go:140.30,141.57 1 1
github.com/vechain/thor/builtin/extension_native.go:141.57,146.4 1 1
github.com/vechain/thor/builtin/extension_native.go:146.9,147.42 1 0
github.com/vechain/thor/builtin/params_native.go:16.13,21.65 1 1
github.com/vechain/thor/builtin/params_native.go:21.65,24.18 3 1
github.com/vechain/thor/builtin/params_native.go:24.18,25.15 1 0
github.com/vechain/thor/builtin/params_native.go:27.4,28.30 2 1
github.com/vechain/thor/builtin/params_native.go:30.60,36.18 5 1
github.com/vechain/thor/builtin/params_native.go:36.18,37.15 1 0
github.com/vechain/thor/builtin/params_native.go:39.4,39.27 1 1
github.com/vechain/thor/builtin/params_native.go:41.60,49.93 4 1
github.com/vechain/thor/builtin/params_native.go:49.93,50.15 1 0
github.com/vechain/thor/builtin/params_native.go:52.4,52.14 1 1
github.com/vechain/thor/builtin/params_native.go:55.2,56.30 2 1
github.com/vechain/thor/builtin/params_native.go:56.30,57.57 1 1
github.com/vechain/thor/builtin/params_native.go:57.57,62.4 1 1
github.com/vechain/thor/builtin/params_native.go:62.9,63.42 1 0
github.com/vechain/thor/builtin/prototype_native.go:17.13,21.50 2 1
github.com/vechain/thor/builtin/prototype_native.go:21.50,22.54 1 1
github.com/vechain/thor/builtin/prototype_native.go:22.54,24.4 1 1
github.com/vechain/thor/builtin/prototype_native.go:25.3,25.27 1 0
github.com/vechain/thor/builtin/prototype_native.go:28.2,37.63 5 1
github.com/vechain/thor/builtin/prototype_native.go:37.63,43.18 5 1
github.com/vechain/thor/builtin/prototype_native.go:43.18,44.15 1 0
github.com/vechain/thor/builtin/prototype_native.go:47.4,47.32 1 1
github.com/vechain/thor/builtin/prototype_native.go:49.66,57.103 4 1
github.com/vechain/thor/builtin/prototype_native.go:57.103,58.15 1 0
github.com/vechain/thor/builtin/prototype_native.go:61.4,62.14 2 1
github.com/vechain/thor/builtin/prototype_native.go:64.71,72.37 4 1
github.com/vechain/thor/builtin/prototype_native.go:72.37,74.5 1 1
github.com/vechain/thor/builtin/prototype_native.go:76.4,76.58 1 1
github.com/vechain/thor/builtin/prototype_native.go:76.58,78.5 1 1
github.com/vechain/thor/builtin/prototype_native.go:80.4,80.38 1 1
github.com/vechain/thor/builtin/prototype_native.go:80.38,83.19 3 1
github.com/vechain/thor/builtin/prototype_native.go:83.19,84.16 1 0
github.com/vechain/thor/builtin/prototype_native.go:86.5,86.30 1 1
github.com/vechain/thor/builtin/prototype_native.go:89.4,92.18 4 1
github.com/vechain/thor/builtin/prototype_native.go:92.18,93.15 1 0
github.com/vechain/thor/builtin/prototype_native.go:96.4,101.18 5 1
github.com/vechain/thor/builtin/prototype_native.go:101.18,102.15 1 0
github.com/vechain/thor/builtin/prototype_native.go:105.4,105.29 1 1
github.com/vechain/thor/builtin/prototype_native.go:107.70,114.37 4 1
github.com/vechain/thor/builtin/prototype_native.go:114.37,116.5 1 1
github.com/vechain/thor/builtin/prototype_native.go:118.4,118.58 1 1
github.com/vechain/thor/builtin/prototype_native.go:118.58,120.5 1 1
github.com/vechain/thor/builtin/prototype_native.go:122.4,122.38 1 1
github.com/vechain/thor/builtin/prototype_native.go:122.38,125.19 3 1
github.com/vechain/thor/builtin/prototype_native.go:125.19,126.16 1 0
github.com/vechain/thor/builtin/prototype_native.go:128.5,128.30 1 1
github.com/vechain/thor/builtin/prototype_native.go:131.4,134.18 4 1
github.com/vechain/thor/builtin/prototype_native.go:134.18,135.15 1 0
github.com/vechain/thor/builtin/prototype_native.go:138.4,143.18 5 1
github.com/vechain/thor/builtin/prototype_native.go:143.18,144.15 1 0
github.com/vechain/thor/builtin/prototype_native.go:147.4,147.29 1 1
github.com/vechain/thor/builtin/prototype_native.go:149.64,155.18 5 1
github.com/vechain/thor/builtin/prototype_native.go:155.18,156.15 1 0
github.com/vechain/thor/builtin/prototype_native.go:158.4,160.33 2 1
github.com/vechain/thor/builtin/prototype_native.go:162.67,171.18 5 1
github.com/vechain/thor/builtin/prototype_native.go:171.18,172.15 1 0
github.com/vechain/thor/builtin/prototype_native.go:174.4,174.33 1 1
github.com/vechain/thor/builtin/prototype_native.go:176.67,183.18 6 1
github.com/vechain/thor/builtin/prototype_native.go:183.18,184.15 1 0
github.com/vechain/thor/builtin/prototype_native.go:187.4,187.38 1 1
github.com/vechain/thor/builtin/prototype_native.go:189.70,199.80 5 1
github.com/vechain/thor/builtin/prototype_native.go:199.80,200.15 1 0
github.com/vechain/thor/builtin/prototype_native.go:202.4,203.14 2 1
github.com/vechain/thor/builtin/prototype_native.go:205.63,215.18 6 1
github.com/vechain/thor/builtin/prototype_native.go:215.18,216.15 1 0
github.com/vechain/thor/builtin/prototype_native.go:219.4,219.32 1 1
github.com/vechain/thor/builtin/prototype_native.go:221.67,231.18 6 1
github.com/vechain/thor/builtin/prototype_native.go:231.18,232.15 1 0
github.com/vechain/thor/builtin/prototype_native.go:235.4,235.32 1 1
github.com/vechain/thor/builtin/prototype_native.go:237.64,247.18 6 1
github.com/vechain/thor/builtin/prototype_native.go:247.18,248.15 1 0
github.com/vechain/thor/builtin/prototype_native.go:250.4,250.14 1 1
github.com/vechain/thor/builtin/prototype_native.go:250.14,252.5 1 1
github.com/vechain/thor/builtin/prototype_native.go:254.4,255.92 2 1
github.com/vechain/thor/builtin/prototype_native.go:255.92,256.15 1 0
github.com/vechain/thor/builtin/prototype_native.go:259.4,262.30 4 1
github.com/vechain/thor/builtin/prototype_native.go:264.67,274.18 6 1
github.com/vechain/thor/builtin/prototype_native.go:274.18,275.15 1 0
github.com/vechain/thor/builtin/prototype_native.go:277.4,277.15 1 1
github.com/vechain/thor/builtin/prototype_native.go:277.15,279.5 1 1
github.com/vechain/thor/builtin/prototype_native.go:281.4,282.70 2 1
github.com/vechain/thor/builtin/prototype_native.go:282.70,283.15 1 0
github.com/vechain/thor/builtin/prototype_native.go:286.4,289.30 4 1
github.com/vechain/thor/builtin/prototype_native.go:291.64,301.18 6 1
github.com/vechain/thor/builtin/prototype_native.go:301.18,302.15 1 0
github.com/vechain/thor/builtin/prototype_native.go:304.4,304.17 1 1
github.com/vechain/thor/builtin/prototype_native.go:304.17,306.5 1 1
github.com/vechain/thor/builtin/prototype_native.go:308.4,309.76 2 1
github.com/vechain/thor/builtin/prototype_native.go:309.76,310.15 1 0
github.com/vechain/thor/builtin/prototype_native.go:313.4,316.30 4 1
github.com/vechain/thor/builtin/prototype_native.go:318.66,328.18 6 1
github.com/vechain/thor/builtin/prototype_native.go:328.18,329.15 1 0
github.com/vechain/thor/builtin/prototype_native.go:331.4,331.18 1 1
github.com/vechain/thor/builtin/prototype_native.go:331.18,333.5 1 1
github.com/vechain/thor/builtin/prototype_native.go:335.4,336.77 2 1
github.com/vechain/thor/builtin/prototype_native.go:336.77,337.15 1 0
github.com/vechain/thor/builtin/prototype_native.go:340.4,343.30 4 1
github.com/vechain/thor/builtin/prototype_native.go:345.66,355.18 6 1
github.com/vechain/thor/builtin/prototype_native.go:355.18,356.15 1 0
github.com/vechain/thor/builtin/prototype_native.go:359.4,359.35 1 1
github.com/vechain/thor/builtin/prototype_native.go:361.70,371.18 6 1
github.com/vechain/thor/builtin/prototype_native.go:371.18,372.15 1 0
github.com/vechain/thor/builtin/prototype_native.go:374.4,374.18 1 1
github.com/vechain/thor/builtin/prototype_native.go:374.18,376.5 1 1
github.com/vechain/thor/builtin/prototype_native.go:378.4,385.30 6 1
github.com/vechain/thor/builtin/prototype_native.go:387.71,394.18 6 1
github.com/vechain/thor/builtin/prototype_native.go:394.18,395.15 1 0
github.com/vechain/thor/builtin/prototype_native.go:398.4,398.30 1 1
github.com/vechain/thor/builtin/prototype_native.go:401.2,402.30 2 1
github.com/vechain/thor/builtin/prototype_native.go:402.30,403.57 1 1
github.com/vechain/thor/builtin/prototype_native.go:403.57,408.4 1 1
github.com/vechain/thor/builtin/prototype_native.go:408.9,409.42 1 0
github.com/vechain/thor/builtin/authority/authority.go:28.60,30.2 1 1
github.com/vechain/thor/builtin/authority/authority.go:32.71,34.101 2 1
github.com/vechain/thor/builtin/authority/authority.go:34.101,35.20 1 1
github.com/vechain/thor/builtin/authority/authority.go:35.20,37.4 1 1
github.com/vechain/thor/builtin/authority/authority.go:38.3,38.38 1 1
github.com/vechain/thor/builtin/authority/authority.go:39.17,41.3 1 0
github.com/vechain/thor/builtin/authority/authority.go:42.2,42.20 1 1
github.com/vechain/thor/builtin/authority/authority.go:45.75,46.98 1 1
github.com/vechain/thor/builtin/authority/authority.go:46.98,47.22 1 1
github.com/vechain/thor/builtin/authority/authority.go:47.22,49.4 1 0
github.com/vechain/thor/builtin/authority/authority.go:50.3,50.34 1 1
github.com/vechain/thor/builtin/authority/authority.go:54.85,55.66 1 1
github.com/vechain/thor/builtin/authority/authority.go:55.66,56.20 1 1
github.com/vechain/thor/builtin/authority/authority.go:56.20,58.4 1 1
github.com/vechain/thor/builtin/authority/authority.go:59.3,59.37 1 1
github.com/vechain/thor/builtin/authority/authority.go:61.2,61.8 1 1
github.com/vechain/thor/builtin/authority/authority.go:64.79,65.67 1 1
github.com/vechain/thor/builtin/authority/authority.go:65.67,66.18 1 1
github.com/vechain/thor/builtin/authority/authority.go:66.18,68.4 1 0
github.com/vechain/thor/builtin/authority/authority.go:69.3,69.33 1 1
github.com/vechain/thor/builtin/authority/authority.go:74.134,76.53 2 1
github.com/vechain/thor/builtin/authority/authority.go:76.53,78.3 1 0
github.com/vechain/thor/builtin/authority/authority.go:79.2,79.22 1 1
github.com/vechain/thor/builtin/authority/authority.go:79.22,81.3 1 1
github.com/vechain/thor/builtin/authority/authority.go:84.2,85.53 2 1
github.com/vechain/thor/builtin/authority/authority.go:85.53,87.3 1 0
github.com/vechain/thor/builtin/authority/authority.go:88.2,89.66 2 1
github.com/vechain/thor/builtin/authority/authority.go:93.110,95.16 2 1
github.com/vechain/thor/builtin/authority/authority.go:95.16,97.3 1 0
github.com/vechain/thor/builtin/authority/authority.go:98.2,98.22 1 1
github.com/vechain/thor/builtin/authority/authority.go:98.22,100.3 1 0
github.com/vechain/thor/builtin/authority/authority.go:102.2,107.16 5 1
github.com/vechain/thor/builtin/authority/authority.go:107.16,109.3 1 0
github.com/vechain/thor/builtin/authority/authority.go:110.2,112.62 2 1
github.com/vechain/thor/builtin/authority/authority.go:112.62,114.3 1 0
github.com/vechain/thor/builtin/authority/authority.go:115.2,115.20 1 1
github.com/vechain/thor/builtin/authority/authority.go:115.20,116.63 1 1
github.com/vechain/thor/builtin/authority/authority.go:116.63,118.4 1 0
github.com/vechain/thor/builtin/authority/authority.go:119.8,121.17 2 1
github.com/vechain/thor/builtin/authority/authority.go:121.17,123.4 1 0
github.com/vechain/thor/builtin/authority/authority.go:124.3,125.57 2 1
github.com/vechain/thor/builtin/authority/authority.go:125.57,127.4 1 0
github.com/vechain/thor/builtin/authority/authority.go:130.2,130.54 1 1
github.com/vechain/thor/builtin/authority/authority.go:130.54,132.3 1 0
github.com/vechain/thor/builtin/authority/authority.go:133.2,133.18 1 1
github.com/vechain/thor/builtin/authority/authority.go:138.67,140.16 2 1
github.com/vechain/thor/builtin/authority/authority.go:140.16,142.3 1 0
github.com/vechain/thor/builtin/authority/authority.go:143.2,143.23 1 1
github.com/vechain/thor/builtin/authority/authority.go:143.23,145.3 1 0
github.com/vechain/thor/builtin/authority/authority.go:147.2,147.23 1 1
github.com/vechain/thor/builtin/authority/authority.go:147.23,148.62 1 1
github.com/vechain/thor/builtin/authority/authority.go:148.62,150.4 1 0
github.com/vechain/thor/builtin/authority/authority.go:151.8,153.17 2 0
github.com/vechain/thor/builtin/authority/authority.go:153.17,155.4 1 0
github.com/vechain/thor/builtin/authority/authority.go:156.3,157.60 2 0
github.com/vechain/thor/builtin/authority/authority.go:157.60,159.4 1 0
github.com/vechain/thor/builtin/authority/authority.go:162.2,162.23 1 1
github.com/vechain/thor/builtin/authority/authority.go:162.23,163.62 1 0
github.com/vechain/thor/builtin/authority/authority.go:163.62,165.4 1 0
github.com/vechain/thor/builtin/authority/authority.go:166.8,168.17 2 1
github.com/vechain/thor/builtin/authority/authority.go:168.17,170.4 1 0
github.com/vechain/thor/builtin/authority/authority.go:171.3,172.60 2 1
github.com/vechain/thor/builtin/authority/authority.go:172.60,174.4 1 0
github.com/vechain/thor/builtin/authority/authority.go:177.2,180.54 4 1
github.com/vechain/thor/builtin/authority/authority.go:180.54,182.3 1 0
github.com/vechain/thor/builtin/authority/authority.go:183.2,183.18 1 1
github.com/vechain/thor/builtin/authority/authority.go:187.80,189.16 2 1
github.com/vechain/thor/builtin/authority/authority.go:189.16,191.3 1 0
github.com/vechain/thor/builtin/authority/authority.go:192.2,192.23 1 1
github.com/vechain/thor/builtin/authority/authority.go:192.23,194.3 1 0
github.com/vechain/thor/builtin/authority/authority.go:195.2,196.54 2 1
github.com/vechain/thor/builtin/authority/authority.go:196.54,198.3 1 0
github.com/vechain/thor/builtin/authority/authority.go:199.2,199.18 1 1
github.com/vechain/thor/builtin/authority/authority.go:203.90,205.16 2 1
github.com/vechain/thor/builtin/authority/authority.go:205.16,207.3 1 0
github.com/vechain/thor/builtin/authority/authority.go:208.2,209.52 2 1
github.com/vechain/thor/builtin/authority/authority.go:209.52,211.17 2 1
github.com/vechain/thor/builtin/authority/authority.go:211.17,213.4 1 0
github.com/vechain/thor/builtin/authority/authority.go:214.3,215.17 2 1
github.com/vechain/thor/builtin/authority/authority.go:215.17,217.4 1 0
github.com/vechain/thor/builtin/authority/authority.go:218.3,218.32 1 1
github.com/vechain/thor/builtin/authority/authority.go:218.32,225.4 1 1
github.com/vechain/thor/builtin/authority/authority.go:226.3,226.19 1 1
github.com/vechain/thor/builtin/authority/authority.go:228.2,228.24 1 1
github.com/vechain/thor/builtin/authority/authority.go:232.59,234.16 2 0
github.com/vechain/thor/builtin/authority/authority.go:234.16,236.3 1 0
github.com/vechain/thor/builtin/authority/authority.go:237.2,238.17 2 0
github.com/vechain/thor/builtin/authority/authority.go:238.17,240.17 2 0
github.com/vechain/thor/builtin/authority/authority.go:240.17,242.4 1 0
github.com/vechain/thor/builtin/authority/authority.go:243.3,249.19 2 0
github.com/vechain/thor/builtin/authority/authority.go:251.2,251.24 1 0
github.com/vechain/thor/builtin/authority/authority.go:255.52,257.2 1 0
github.com/vechain/thor/builtin/authority/authority.go:260.74,262.16 2 0
github.com/vechain/thor/builtin/authority/authority.go:262.16,264.3 1 0
github.com/vechain/thor/builtin/authority/authority.go:265.2,265.24 1 0
github.com/vechain/thor/builtin/authority/types.go:31.32,37.2 1 1
github.com/vechain/thor/builtin/authority/types.go:39.33,41.2 1 1
github.com/vechain/thor/builtin/energy/energy.go:29.75,31.2 1 1
github.com/vechain/thor/builtin/energy/energy.go:33.69,34.79 1 0
github.com/vechain/thor/builtin/energy/energy.go:34.79,35.20 1 0
github.com/vechain/thor/builtin/energy/energy.go:35.20,38.4 2 0
github.com/vechain/thor/builtin/energy/energy.go:39.3,39.37 1 0
github.com/vechain/thor/builtin/energy/energy.go:41.2,41.8 1 0
github.com/vechain/thor/builtin/energy/energy.go:44.66,45.77 1 1
github.com/vechain/thor/builtin/energy/energy.go:45.77,46.20 1 1
github.com/vechain/thor/builtin/energy/energy.go:46.20,49.4 2 1
github.com/vechain/thor/builtin/energy/energy.go:50.3,50.38 1 1
github.com/vechain/thor/builtin/energy/energy.go:52.2,52.8 1 1
github.com/vechain/thor/builtin/energy/energy.go:54.58,55.78 1 1
github.com/vechain/thor/builtin/energy/energy.go:55.78,57.3 1 1
github.com/vechain/thor/builtin/energy/energy.go:61.74,62.80 1 0
github.com/vechain/thor/builtin/energy/energy.go:62.80,68.3 1 0
github.com/vechain/thor/builtin/energy/energy.go:72.55,74.16 2 0
github.com/vechain/thor/builtin/energy/energy.go:74.16,76.3 1 0
github.com/vechain/thor/builtin/energy/energy.go:77.2,77.24 1 0
github.com/vechain/thor/builtin/energy/energy.go:81.50,83.16 2 0
github.com/vechain/thor/builtin/energy/energy.go:83.16,85.3 1 0
github.com/vechain/thor/builtin/energy/energy.go:88.2,92.41 2 0
github.com/vechain/thor/builtin/energy/energy.go:96.50,98.16 2 0
github.com/vechain/thor/builtin/energy/energy.go:98.16,100.3 1 0
github.com/vechain/thor/builtin/energy/energy.go:101.2,101.62 1 0
github.com/vechain/thor/builtin/energy/energy.go:105.59,107.2 1 1
github.com/vechain/thor/builtin/energy/energy.go:110.64,111.24 1 1
github.com/vechain/thor/builtin/energy/energy.go:111.24,113.3 1 0
github.com/vechain/thor/builtin/energy/energy.go:114.2,115.16 2 1
github.com/vechain/thor/builtin/energy/energy.go:115.16,117.3 1 0
github.com/vechain/thor/builtin/energy/energy.go:119.2,120.16 2 1
github.com/vechain/thor/builtin/energy/energy.go:120.16,122.3 1 0
github.com/vechain/thor/builtin/energy/energy.go:123.2,124.48 2 1
github.com/vechain/thor/builtin/energy/energy.go:124.48,126.3 1 0
github.com/vechain/thor/builtin/energy/energy.go:128.2,128.76 1 1
github.com/vechain/thor/builtin/energy/energy.go:133.72,134.24 1 1
github.com/vechain/thor/builtin/energy/energy.go:134.24,136.3 1 0
github.com/vechain/thor/builtin/energy/energy.go:137.2,138.16 2 1
github.com/vechain/thor/builtin/energy/energy.go:138.16,140.3 1 0
github.com/vechain/thor/builtin/energy/energy.go:141.2,141.25 1 1
github.com/vechain/thor/builtin/energy/energy.go:141.25,143.3 1 1
github.com/vechain/thor/builtin/energy/energy.go:144.2,145.16 2 1
github.com/vechain/thor/builtin/energy/energy.go:145.16,147.3 1 0
github.com/vechain/thor/builtin/energy/energy.go:148.2,149.48 2 1
github.com/vechain/thor/builtin/energy/energy.go:149.48,151.3 1 0
github.com/vechain/thor/builtin/energy/energy.go:153.2,153.92 1 1
github.com/vechain/thor/builtin/energy/energy.go:153.92,155.3 1 0
github.com/vechain/thor/builtin/energy/energy.go:156.2,156.18 1 1
github.com/vechain/thor/builtin/params/params.go:22.57,24.2 1 1
github.com/vechain/thor/builtin/params/params.go:27.68,28.66 1 1
github.com/vechain/thor/builtin/params/params.go:28.66,29.20 1 1
github.com/vechain/thor/builtin/params/params.go:29.20,32.4 2 0
github.com/vechain/thor/builtin/params/params.go:33.3,33.38 1 1
github.com/vechain/thor/builtin/params/params.go:35.2,35.8 1 1
github.com/vechain/thor/builtin/params/params.go:39.62,40.67 1 1
github.com/vechain/thor/builtin/params/params.go:40.67,41.24 1 1
github.com/vechain/thor/builtin/params/params.go:41.24,43.4 1 0
github.com/vechain/thor/builtin/params/params.go:44.3,44.34 1 1
github.com/vechain/thor/builtin/prototype/prototype.go:21.60,23.2 1 1
github.com/vechain/thor/builtin/prototype/prototype.go:25.54,27.2 1 1
github.com/vechain/thor/builtin/prototype/prototype.go:35.59,37.2 1 1
github.com/vechain/thor/builtin/prototype/prototype.go:39.48,41.2 1 1
github.com/vechain/thor/builtin/prototype/prototype.go:43.65,45.2 1 1
github.com/vechain/thor/builtin/prototype/prototype.go:47.48,49.2 1 1
github.com/vechain/thor/builtin/prototype/prototype.go:51.80,52.78 1 1
github.com/vechain/thor/builtin/prototype/prototype.go:52.78,53.20 1 1
github.com/vechain/thor/builtin/prototype/prototype.go:53.20,56.4 2 1
github.com/vechain/thor/builtin/prototype/prototype.go:57.3,57.35 1 1
github.com/vechain/thor/builtin/prototype/prototype.go:59.2,59.8 1 1
github.com/vechain/thor/builtin/prototype/prototype.go:62.74,63.79 1 1
github.com/vechain/thor/builtin/prototype/prototype.go:63.79,64.19 1 1
github.com/vechain/thor/builtin/prototype/prototype.go:64.19,66.4 1 1
github.com/vechain/thor/builtin/prototype/prototype.go:67.3,67.31 1 1
github.com/vechain/thor/builtin/prototype/prototype.go:71.63,72.80 1 1
github.com/vechain/thor/builtin/prototype/prototype.go:72.80,73.20 1 1
github.com/vechain/thor/builtin/prototype/prototype.go:73.20,76.4 2 1
github.com/vechain/thor/builtin/prototype/prototype.go:77.3,77.35 1 1
github.com/vechain/thor/builtin/prototype/prototype.go:79.2,79.8 1 1
github.com/vechain/thor/builtin/prototype/prototype.go:82.55,83.81 1 1
github.com/vechain/thor/builtin/prototype/prototype.go:83.81,84.19 1 1
github.com/vechain/thor/builtin/prototype/prototype.go:84.19,86.4 1 0
github.com/vechain/thor/builtin/prototype/prototype.go:87.3,87.31 1 1
github.com/vechain/thor/builtin/prototype/prototype.go:91.59,93.16 2 1
github.com/vechain/thor/builtin/prototype/prototype.go:93.16,95.3 1 0
github.com/vechain/thor/builtin/prototype/prototype.go:96.2,96.27 1 1
github.com/vechain/thor/builtin/prototype/prototype.go:99.70,101.2 1 1
github.com/vechain/thor/builtin/prototype/prototype.go:103.55,106.2 1 1
github.com/vechain/thor/builtin/prototype/prototype.go:108.85,110.16 2 1
github.com/vechain/thor/builtin/prototype/prototype.go:110.16,112.3 1 0
github.com/vechain/thor/builtin/prototype/prototype.go:113.2,113.18 1 1
github.com/vechain/thor/builtin/prototype/prototype.go:113.18,115.3 1 0
github.com/vechain/thor/builtin/prototype/prototype.go:116.2,117.16 2 1
github.com/vechain/thor/builtin/prototype/prototype.go:117.16,119.3 1 0
github.com/vechain/thor/builtin/prototype/prototype.go:120.2,120.38 1 1
github.com/vechain/thor/builtin/prototype/prototype.go:123.93,125.16 2 1
github.com/vechain/thor/builtin/prototype/prototype.go:125.16,127.3 1 0
github.com/vechain/thor/builtin/prototype/prototype.go:128.2,129.21 2 1
github.com/vechain/thor/builtin/prototype/prototype.go:129.21,131.3 1 0
github.com/vechain/thor/builtin/prototype/prototype.go:132.2,132.60 1 1
github.com/vechain/thor/builtin/prototype/prototype.go:135.75,137.16 2 1
github.com/vechain/thor/builtin/prototype/prototype.go:137.16,139.3 1 0
github.com/vechain/thor/builtin/prototype/prototype.go:140.2,140.40 1 1
github.com/vechain/thor/builtin/prototype/prototype.go:143.70,145.2 1 1
github.com/vechain/thor/builtin/prototype/prototype.go:147.66,148.85 1 1
github.com/vechain/thor/builtin/prototype/prototype.go:148.85,149.12 1 1
github.com/vechain/thor/builtin/prototype/prototype.go:149.12,151.4 1 1
github.com/vechain/thor/builtin/prototype/prototype.go:152.3,152.34 1 1
github.com/vechain/thor/builtin/prototype/prototype.go:156.74,157.84 1 1
github.com/vechain/thor/builtin/prototype/prototype.go:157.84,158.20 1 1
github.com/vechain/thor/builtin/prototype/prototype.go:158.20,160.4 1 1
github.com/vechain/thor/builtin/prototype/prototype.go:161.3,161.37 1 1
github.com/vechain/thor/builtin/prototype/prototype.go:163.2,163.8 1 1
github.com/vechain/thor/builtin/prototype/prototype.go:166.55,168.2 1 1
github.com/vechain/thor/builtin/prototype/prototype.go:170.58,172.16 2 1
github.com/vechain/thor/builtin/prototype/prototype.go:172.16,174.3 1 0
github.com/vechain/thor/builtin/prototype/prototype.go:175.2,175.46 1 1
github.com/vechain/thor/builtin/prototype/types.go:17.37,19.2 1 1
github.com/vechain/thor/builtin/prototype/types.go:26.37,28.2 1 1
github.com/vechain/thor/builtin/prototype/types.go:30.74,31.30 1 1
github.com/vechain/thor/builtin/prototype/types.go:31.30,33.3 1 1
github.com/vechain/thor/builtin/prototype/types.go:35.2,36.30 2 1
github.com/vechain/thor/builtin/prototype/types.go:36.30,38.3 1 0
github.com/vechain/thor/builtin/prototype/types.go:38.8,42.3 3 1
github.com/vechain/thor/builtin/prototype/types.go:44.2,44.22 1 1
github.com/vechain/thor/builtin/prototype/types.go:44.22,46.3 1 1
github.com/vechain/thor/builtin/prototype/types.go:48.2,48.32 1 1
github.com/vechain/thor/builtin/prototype/types.go:48.32,50.3 1 0
github.com/vechain/thor/builtin/prototype/types.go:51.2,51.44 1 1
github.com/vechain/thor/cache/prio_cache.go:23.41,24.15 1 1
github.com/vechain/thor/cache/prio_cache.go:24.15,25.39 1 0
github.com/vechain/thor/cache/prio_cache.go:27.2,30.3 1 1
github.com/vechain/thor/cache/prio_cache.go:34.32,38.2 3 1
github.com/vechain/thor/cache/prio_cache.go:41.68,44.30 3 1
github.com/vechain/thor/cache/prio_cache.go:44.30,49.3 4 0
github.com/vechain/thor/cache/prio_cache.go:50.2,62.26 4 1
github.com/vechain/thor/cache/prio_cache.go:62.26,64.3 1 1
github.com/vechain/thor/cache/prio_cache.go:68.72,71.30 3 1
github.com/vechain/thor/cache/prio_cache.go:71.30,73.3 1 1
github.com/vechain/thor/cache/prio_cache.go:74.2,74.22 1 1
github.com/vechain/thor/cache/prio_cache.go:78.53,83.2 4 1
github.com/vechain/thor/cache/prio_cache.go:86.57,89.30 3 1
github.com/vechain/thor/cache/prio_cache.go:89.30,93.3 3 1
github.com/vechain/thor/cache/prio_cache.go:94.2,94.12 1 0
github.com/vechain/thor/cache/prio_cache.go:98.61,101.27 3 1
github.com/vechain/thor/cache/prio_cache.go:101.27,103.16 2 1
github.com/vechain/thor/cache/prio_cache.go:103.16,105.4 1 0
github.com/vechain/thor/cache/prio_cache.go:107.2,107.13 1 1
github.com/vechain/thor/cache/prio_cache.go:110.34,111.20 1 1
github.com/vechain/thor/cache/prio_cache.go:111.20,113.3 1 0
github.com/vechain/thor/cache/prio_cache.go:114.2,115.23 2 1
github.com/vechain/thor/cache/prio_cache.go:131.42,131.59 1 1
github.com/vechain/thor/cache/prio_cache.go:132.42,132.82 1 1
github.com/vechain/thor/cache/prio_cache.go:133.37,137.2 3 1
github.com/vechain/thor/cache/prio_cache.go:139.47,143.2 3 1
github.com/vechain/thor/cache/prio_cache.go:145.41,151.2 5 1
github.com/vechain/thor/cache/rnd_cache.go:14.13,16.2 1 1
github.com/vechain/thor/cache/rnd_cache.go:33.41,34.15 1 1
github.com/vechain/thor/cache/rnd_cache.go:34.15,35.39 1 0
github.com/vechain/thor/cache/rnd_cache.go:37.2,40.3 1 1
github.com/vechain/thor/cache/rnd_cache.go:44.32,49.2 3 1
github.com/vechain/thor/cache/rnd_cache.go:52.50,56.30 3 1
github.com/vechain/thor/cache/rnd_cache.go:56.30,59.3 2 0
github.com/vechain/thor/cache/rnd_cache.go:60.2,70.26 4 1
github.com/vechain/thor/cache/rnd_cache.go:70.26,72.3 1 1
github.com/vechain/thor/cache/rnd_cache.go:76.63,80.30 3 1
github.com/vechain/thor/cache/rnd_cache.go:80.30,82.3 1 1
github.com/vechain/thor/cache/rnd_cache.go:83.2,83.19 1 1
github.com/vechain/thor/cache/rnd_cache.go:87.53,92.2 4 0
github.com/vechain/thor/cache/rnd_cache.go:95.51,99.2 3 1
github.com/vechain/thor/cache/rnd_cache.go:102.36,106.20 3 0
github.com/vechain/thor/cache/rnd_cache.go:106.20,108.3 1 0
github.com/vechain/thor/cache/rnd_cache.go:109.2,111.13 3 0
github.com/vechain/thor/cache/rnd_cache.go:115.57,119.27 3 0
github.com/vechain/thor/cache/rnd_cache.go:119.27,121.16 2 0
github.com/vechain/thor/cache/rnd_cache.go:121.16,123.4 1 0
github.com/vechain/thor/cache/rnd_cache.go:125.2,125.13 1 0
github.com/vechain/thor/cache/rnd_cache.go:128.51,129.30 1 1
github.com/vechain/thor/cache/rnd_cache.go:129.30,136.3 6 1
github.com/vechain/thor/cache/rnd_cache.go:137.2,137.14 1 0
github.com/vechain/thor/cache/rnd_cache.go:140.33,141.20 1 1
github.com/vechain/thor/cache/rnd_cache.go:141.20,143.3 1 0
github.com/vechain/thor/cache/rnd_cache.go:144.2,145.20 2 1
github.com/vechain/thor/chain/block_reader.go:26.57,28.2 1 1
github.com/vechain/thor/chain/block_reader.go:31.72,32.56 1 1
github.com/vechain/thor/chain/block_reader.go:32.56,34.37 2 1
github.com/vechain/thor/chain/block_reader.go:34.37,36.4 1 1
github.com/vechain/thor/chain/block_reader.go:38.3,41.7 3 1
github.com/vechain/thor/chain/block_reader.go:41.7,43.18 2 1
github.com/vechain/thor/chain/block_reader.go:43.18,45.5 1 0
github.com/vechain/thor/chain/block_reader.go:47.4,47.40 1 1
github.com/vechain/thor/chain/block_reader.go:47.40,50.13 3 0
github.com/vechain/thor/chain/block_reader.go:53.4,54.18 2 1
github.com/vechain/thor/chain/block_reader.go:54.18,56.5 1 0
github.com/vechain/thor/chain/block_reader.go:58.4,58.11 1 1
github.com/vechain/thor/chain/block_reader.go:58.11,60.19 2 1
github.com/vechain/thor/chain/block_reader.go:60.19,62.6 1 0
github.com/vechain/thor/chain/block_reader.go:64.5,65.60 2 1
github.com/vechain/thor/chain/block_reader.go:68.4,69.38 2 1
github.com/vechain/thor/chain/cache.go:16.35,19.2 2 1
github.com/vechain/thor/chain/cache.go:21.99,22.33 1 1
github.com/vechain/thor/chain/cache.go:22.33,24.3 1 1
github.com/vechain/thor/chain/cache.go:25.2,26.16 2 1
github.com/vechain/thor/chain/cache.go:26.16,28.3 1 1
github.com/vechain/thor/chain/cache.go:29.2,30.19 2 1
github.com/vechain/thor/chain/chain.go:55.61,64.31 2 1
github.com/vechain/thor/chain/chain.go:64.31,65.42 1 1
github.com/vechain/thor/chain/chain.go:65.42,66.65 1 1
github.com/vechain/thor/chain/chain.go:66.65,68.6 1 1
github.com/vechain/thor/chain/chain.go:68.11,70.6 1 1
github.com/vechain/thor/chain/chain.go:72.4,72.29 1 1
github.com/vechain/thor/chain/chain.go:78.42,80.2 1 0
github.com/vechain/thor/chain/chain.go:83.39,85.2 1 1
github.com/vechain/thor/chain/chain.go:88.62,90.16 2 1
github.com/vechain/thor/chain/chain.go:90.16,92.3 1 1
github.com/vechain/thor/chain/chain.go:94.2,98.16 4 1
github.com/vechain/thor/chain/chain.go:98.16,100.3 1 0
[...]
github.com/vechain/thor/tracers/js/goja.go:695.16,698.3 2 0
github.com/vechain/thor/tracers/js/goja.go:699.2,701.16 3 0
github.com/vechain/thor/tracers/js/goja.go:701.16,704.3 2 0
github.com/vechain/thor/tracers/js/goja.go:705.2,708.16 4 0
github.com/vechain/thor/tracers/js/goja.go:708.16,711.3 2 0
github.com/vechain/thor/tracers/js/goja.go:712.2,712.12 1 0
github.com/vechain/thor/tracers/js/goja.go:715.52,717.16 2 0
github.com/vechain/thor/tracers/js/goja.go:717.16,720.3 2 0
github.com/vechain/thor/tracers/js/goja.go:721.2,722.26 2 0
github.com/vechain/thor/tracers/js/goja.go:725.45,733.2 7 1
github.com/vechain/thor/tracers/js/goja.go:742.47,745.16 3 0
github.com/vechain/thor/tracers/js/goja.go:745.16,748.3 2 0
github.com/vechain/thor/tracers/js/goja.go:749.2,749.12 1 0
github.com/vechain/thor/tracers/js/goja.go:752.48,755.16 3 1
github.com/vechain/thor/tracers/js/goja.go:755.16,758.3 2 0
github.com/vechain/thor/tracers/js/goja.go:759.2,759.12 1 1
github.com/vechain/thor/tracers/js/goja.go:762.46,765.16 3 0
github.com/vechain/thor/tracers/js/goja.go:765.16,768.3 2 0
github.com/vechain/thor/tracers/js/goja.go:769.2,769.12 1 0
github.com/vechain/thor/tracers/js/goja.go:772.46,775.16 3 0
github.com/vechain/thor/tracers/js/goja.go:775.16,778.3 2 0
github.com/vechain/thor/tracers/js/goja.go:779.2,779.12 1 0
github.com/vechain/thor/tracers/js/goja.go:782.50,789.2 6 1
github.com/vechain/thor/tracers/js/goja.go:804.38,806.2 1 0
github.com/vechain/thor/tracers/js/goja.go:808.42,811.16 3 0
github.com/vechain/thor/tracers/js/goja.go:811.16,814.3 2 0
github.com/vechain/thor/tracers/js/goja.go:815.2,815.12 1 0
github.com/vechain/thor/tracers/js/goja.go:818.40,821.16 3 0
github.com/vechain/thor/tracers/js/goja.go:821.16,824.3 2 0
github.com/vechain/thor/tracers/js/goja.go:825.2,825.12 1 0
github.com/vechain/thor/tracers/js/goja.go:828.43,831.16 3 0
github.com/vechain/thor/tracers/js/goja.go:831.16,834.3 2 0
github.com/vechain/thor/tracers/js/goja.go:835.2,835.12 1 0
github.com/vechain/thor/tracers/js/goja.go:838.35,840.2 1 1
github.com/vechain/thor/tracers/js/goja.go:842.43,843.20 1 0
github.com/vechain/thor/tracers/js/goja.go:843.20,845.3 1 0
github.com/vechain/thor/tracers/js/goja.go:846.2,847.16 2 0
github.com/vechain/thor/tracers/js/goja.go:847.16,850.3 2 0
github.com/vechain/thor/tracers/js/goja.go:851.2,851.12 1 0
github.com/vechain/thor/tracers/js/goja.go:854.48,863.2 8 1
github.com/vechain/thor/tracers/js/goja.go:874.45,876.2 1 1
github.com/vechain/thor/tracers/js/goja.go:878.50,880.16 2 0
github.com/vechain/thor/tracers/js/goja.go:880.16,883.3 2 0
github.com/vechain/thor/tracers/js/goja.go:884.2,884.12 1 0
github.com/vechain/thor/tracers/js/goja.go:887.49,888.18 1 0
github.com/vechain/thor/tracers/js/goja.go:888.18,890.3 1 0
github.com/vechain/thor/tracers/js/goja.go:891.2,891.25 1 0
github.com/vechain/thor/tracers/js/goja.go:894.54,900.2 5 1
github.com/vechain/thor/tracers/js/goja.go:918.38,918.53 1 0
github.com/vechain/thor/tracers/js/goja.go:919.38,919.54 1 0
github.com/vechain/thor/tracers/js/goja.go:920.38,920.55 1 0
github.com/vechain/thor/tracers/js/goja.go:921.38,921.56 1 0
github.com/vechain/thor/tracers/js/goja.go:922.38,922.57 1 0
github.com/vechain/thor/tracers/js/goja.go:924.41,925.18 1 0
github.com/vechain/thor/tracers/js/goja.go:925.18,927.3 1 0
github.com/vechain/thor/tracers/js/goja.go:928.2,928.25 1 0
github.com/vechain/thor/tracers/js/goja.go:931.46,946.2 12 1
github.com/vechain/thor/vm/bn256/google/bn256.go:40.51,44.6 3 1
github.com/vechain/thor/vm/bn256/google/bn256.go:44.6,46.17 2 1
github.com/vechain/thor/vm/bn256/google/bn256.go:46.17,48.4 1 0
github.com/vechain/thor/vm/bn256/google/bn256.go:49.3,49.19 1 1
github.com/vechain/thor/vm/bn256/google/bn256.go:49.19,50.9 1 1
github.com/vechain/thor/vm/bn256/google/bn256.go:54.2,54.42 1 1
github.com/vechain/thor/vm/bn256/google/bn256.go:57.30,59.2 1 0
github.com/vechain/thor/vm/bn256/google/bn256.go:62.69,64.2 1 0
github.com/vechain/thor/vm/bn256/google/bn256.go:68.45,69.16 1 1
github.com/vechain/thor/vm/bn256/google/bn256.go:69.16,71.3 1 1
github.com/vechain/thor/vm/bn256/google/bn256.go:72.2,73.10 2 1
github.com/vechain/thor/vm/bn256/google/bn256.go:77.48,78.16 1 0
github.com/vechain/thor/vm/bn256/google/bn256.go:78.16,80.3 1 0
github.com/vechain/thor/vm/bn256/google/bn256.go:81.2,82.10 2 0
github.com/vechain/thor/vm/bn256/google/bn256.go:87.32,88.16 1 1
github.com/vechain/thor/vm/bn256/google/bn256.go:88.16,90.3 1 0
github.com/vechain/thor/vm/bn256/google/bn256.go:91.2,92.10 2 1
github.com/vechain/thor/vm/bn256/google/bn256.go:96.29,97.16 1 0
github.com/vechain/thor/vm/bn256/google/bn256.go:97.16,99.3 1 0
github.com/vechain/thor/vm/bn256/google/bn256.go:100.2,101.10 2 0
github.com/vechain/thor/vm/bn256/google/bn256.go:105.31,109.22 2 1
github.com/vechain/thor/vm/bn256/google/bn256.go:109.22,111.3 1 1
github.com/vechain/thor/vm/bn256/google/bn256.go:113.2,122.12 7 1
github.com/vechain/thor/vm/bn256/google/bn256.go:127.50,130.26 2 1
github.com/vechain/thor/vm/bn256/google/bn256.go:130.26,132.3 1 0
github.com/vechain/thor/vm/bn256/google/bn256.go:134.2,134.16 1 1
github.com/vechain/thor/vm/bn256/google/bn256.go:134.16,136.3 1 1
github.com/vechain/thor/vm/bn256/google/bn256.go:137.2,138.23 2 1
github.com/vechain/thor/vm/bn256/google/bn256.go:138.23,140.3 1 0
github.com/vechain/thor/vm/bn256/google/bn256.go:141.2,142.23 2 1
github.com/vechain/thor/vm/bn256/google/bn256.go:142.23,144.3 1 0
github.com/vechain/thor/vm/bn256/google/bn256.go:146.2,146.44 1 1
github.com/vechain/thor/vm/bn256/google/bn256.go:146.44,151.3 3 1
github.com/vechain/thor/vm/bn256/google/bn256.go:151.8,155.23 3 1
github.com/vechain/thor/vm/bn256/google/bn256.go:155.23,157.4 1 0
github.com/vechain/thor/vm/bn256/google/bn256.go:159.2,159.28 1 1
github.com/vechain/thor/vm/bn256/google/bn256.go:169.51,173.6 3 1
github.com/vechain/thor/vm/bn256/google/bn256.go:173.6,175.17 2 1
github.com/vechain/thor/vm/bn256/google/bn256.go:175.17,177.4 1 0
github.com/vechain/thor/vm/bn256/google/bn256.go:178.3,178.19 1 1
github.com/vechain/thor/vm/bn256/google/bn256.go:178.19,179.9 1 1
github.com/vechain/thor/vm/bn256/google/bn256.go:183.2,183.42 1 1
github.com/vechain/thor/vm/bn256/google/bn256.go:186.30,188.2 1 0
github.com/vechain/thor/vm/bn256/google/bn256.go:192.57,194.2 1 0
github.com/vechain/thor/vm/bn256/google/bn256.go:198.45,199.16 1 1
github.com/vechain/thor/vm/bn256/google/bn256.go:199.16,201.3 1 1
github.com/vechain/thor/vm/bn256/google/bn256.go:202.2,203.10 2 1
github.com/vechain/thor/vm/bn256/google/bn256.go:207.48,208.16 1 0
github.com/vechain/thor/vm/bn256/google/bn256.go:208.16,210.3 1 0
github.com/vechain/thor/vm/bn256/google/bn256.go:211.2,212.10 2 0
github.com/vechain/thor/vm/bn256/google/bn256.go:217.32,218.16 1 1
github.com/vechain/thor/vm/bn256/google/bn256.go:218.16,220.3 1 0
github.com/vechain/thor/vm/bn256/google/bn256.go:221.2,222.10 2 1
github.com/vechain/thor/vm/bn256/google/bn256.go:226.31,230.22 2 1
github.com/vechain/thor/vm/bn256/google/bn256.go:230.22,232.3 1 1
github.com/vechain/thor/vm/bn256/google/bn256.go:234.2,247.12 11 1
github.com/vechain/thor/vm/bn256/google/bn256.go:252.50,255.26 2 1
github.com/vechain/thor/vm/bn256/google/bn256.go:255.26,257.3 1 0
github.com/vechain/thor/vm/bn256/google/bn256.go:259.2,259.16 1 1
github.com/vechain/thor/vm/bn256/google/bn256.go:259.16,261.3 1 1
github.com/vechain/thor/vm/bn256/google/bn256.go:262.2,263.25 2 1
github.com/vechain/thor/vm/bn256/google/bn256.go:263.25,265.3 1 0
github.com/vechain/thor/vm/bn256/google/bn256.go:266.2,267.25 2 1
github.com/vechain/thor/vm/bn256/google/bn256.go:267.25,269.3 1 0
github.com/vechain/thor/vm/bn256/google/bn256.go:270.2,271.25 2 1
github.com/vechain/thor/vm/bn256/google/bn256.go:271.25,273.3 1 0
github.com/vechain/thor/vm/bn256/google/bn256.go:274.2,275.25 2 1
github.com/vechain/thor/vm/bn256/google/bn256.go:275.25,277.3 1 0
github.com/vechain/thor/vm/bn256/google/bn256.go:279.2,282.23 1 1
github.com/vechain/thor/vm/bn256/google/bn256.go:282.23,287.3 3 1
github.com/vechain/thor/vm/bn256/google/bn256.go:287.8,291.23 3 1
github.com/vechain/thor/vm/bn256/google/bn256.go:291.23,293.4 1 0
github.com/vechain/thor/vm/bn256/google/bn256.go:295.2,295.28 1 1
github.com/vechain/thor/vm/bn256/google/bn256.go:304.30,306.2 1 1
github.com/vechain/thor/vm/bn256/google/bn256.go:309.48,310.16 1 1
github.com/vechain/thor/vm/bn256/google/bn256.go:310.16,312.3 1 1
github.com/vechain/thor/vm/bn256/google/bn256.go:313.2,314.10 2 1
github.com/vechain/thor/vm/bn256/google/bn256.go:318.32,319.16 1 1
github.com/vechain/thor/vm/bn256/google/bn256.go:319.16,321.3 1 1
github.com/vechain/thor/vm/bn256/google/bn256.go:322.2,323.10 2 1
github.com/vechain/thor/vm/bn256/google/bn256.go:327.29,328.16 1 1
github.com/vechain/thor/vm/bn256/google/bn256.go:328.16,330.3 1 1
github.com/vechain/thor/vm/bn256/google/bn256.go:331.2,332.10 2 1
github.com/vechain/thor/vm/bn256/google/bn256.go:336.31,370.2 28 1
github.com/vechain/thor/vm/bn256/google/bn256.go:374.46,378.27 2 0
github.com/vechain/thor/vm/bn256/google/bn256.go:378.27,380.3 1 0
github.com/vechain/thor/vm/bn256/google/bn256.go:382.2,382.16 1 0
github.com/vechain/thor/vm/bn256/google/bn256.go:382.16,384.3 1 0
github.com/vechain/thor/vm/bn256/google/bn256.go:386.2,399.16 13 0
github.com/vechain/thor/vm/bn256/google/bn256.go:403.31,405.2 1 1
github.com/vechain/thor/vm/bn256/google/bn256.go:408.42,414.30 4 1
github.com/vechain/thor/vm/bn256/google/bn256.go:414.30,415.49 1 1
github.com/vechain/thor/vm/bn256/google/bn256.go:415.49,416.12 1 0
github.com/vechain/thor/vm/bn256/google/bn256.go:418.3,418.51 1 1
github.com/vechain/thor/vm/bn256/google/bn256.go:420.2,423.20 3 1
github.com/vechain/thor/vm/bn256/google/bn256.go:433.36,434.17 1 1
github.com/vechain/thor/vm/bn256/google/bn256.go:434.17,436.3 1 1
github.com/vechain/thor/vm/bn256/google/bn256.go:438.2,440.12 3 1
github.com/vechain/thor/vm/bn256/google/bn256.go:440.12,442.3 1 1
github.com/vechain/thor/vm/bn256/google/bn256.go:444.2,446.11 3 1
github.com/vechain/thor/vm/bn256/google/bn256.go:449.38,450.17 1 1
github.com/vechain/thor/vm/bn256/google/bn256.go:450.17,452.3 1 1
github.com/vechain/thor/vm/bn256/google/bn256.go:453.2,454.14 2 1
github.com/vechain/thor/vm/bn256/google/bn256.go:457.33,459.2 1 1
github.com/vechain/thor/vm/bn256/google/constants.go:11.39,14.2 2 1
github.com/vechain/thor/vm/bn256/google/curve.go:28.46,35.2 1 1
github.com/vechain/thor/vm/bn256/google/curve.go:37.38,40.2 2 0
github.com/vechain/thor/vm/bn256/google/curve.go:42.40,47.2 4 1
github.com/vechain/thor/vm/bn256/google/curve.go:49.41,54.2 4 1
github.com/vechain/thor/vm/bn256/google/curve.go:57.39,63.37 6 1
github.com/vechain/thor/vm/bn256/google/curve.go:63.37,65.3 1 1
github.com/vechain/thor/vm/bn256/google/curve.go:66.2,66.23 1 1
github.com/vechain/thor/vm/bn256/google/curve.go:69.36,71.2 1 1
github.com/vechain/thor/vm/bn256/google/curve.go:73.40,75.2 1 1
github.com/vechain/thor/vm/bn256/google/curve.go:77.58,78.20 1 1
github.com/vechain/thor/vm/bn256/google/curve.go:78.20,81.3 2 1
github.com/vechain/thor/vm/bn256/google/curve.go:82.2,82.20 1 1
github.com/vechain/thor/vm/bn256/google/curve.go:82.20,85.3 2 0
github.com/vechain/thor/vm/bn256/google/curve.go:92.2,131.22 26 1
github.com/vechain/thor/vm/bn256/google/curve.go:131.22,134.3 2 0
github.com/vechain/thor/vm/bn256/google/curve.go:135.2,180.14 36 1
github.com/vechain/thor/vm/bn256/google/curve.go:183.58,226.2 36 1
github.com/vechain/thor/vm/bn256/google/curve.go:228.84,233.40 4 1
github.com/vechain/thor/vm/bn256/google/curve.go:233.40,235.25 2 1
github.com/vechain/thor/vm/bn256/google/curve.go:235.25,237.4 1 1
github.com/vechain/thor/vm/bn256/google/curve.go:237.9,239.4 1 1
github.com/vechain/thor/vm/bn256/google/curve.go:242.2,245.10 4 1
github.com/vechain/thor/vm/bn256/google/curve.go:250.59,251.59 1 1
github.com/vechain/thor/vm/bn256/google/curve.go:251.59,253.3 1 1
github.com/vechain/thor/vm/bn256/google/curve.go:254.2,254.20 1 1
github.com/vechain/thor/vm/bn256/google/curve.go:254.20,260.3 5 0
github.com/vechain/thor/vm/bn256/google/curve.go:261.2,278.10 16 1
github.com/vechain/thor/vm/bn256/google/curve.go:281.46,286.2 4 0
github.com/vechain/thor/vm/bn256/google/gfp12.go:21.36,23.2 1 1
github.com/vechain/thor/vm/bn256/google/gfp12.go:25.33,27.2 1 1
github.com/vechain/thor/vm/bn256/google/gfp12.go:29.35,32.2 2 1
github.com/vechain/thor/vm/bn256/google/gfp12.go:34.38,38.2 3 1
github.com/vechain/thor/vm/bn256/google/gfp12.go:40.34,44.2 3 0
github.com/vechain/thor/vm/bn256/google/gfp12.go:46.33,50.2 3 1
github.com/vechain/thor/vm/bn256/google/gfp12.go:52.27,55.2 2 1
github.com/vechain/thor/vm/bn256/google/gfp12.go:57.31,60.2 2 0
github.com/vechain/thor/vm/bn256/google/gfp12.go:62.30,65.2 2 1
github.com/vechain/thor/vm/bn256/google/gfp12.go:67.44,71.2 3 1
github.com/vechain/thor/vm/bn256/google/gfp12.go:73.43,77.2 3 0
github.com/vechain/thor/vm/bn256/google/gfp12.go:80.58,85.2 4 1
github.com/vechain/thor/vm/bn256/google/gfp12.go:88.60,93.2 4 1
github.com/vechain/thor/vm/bn256/google/gfp12.go:95.41,99.2 3 0
github.com/vechain/thor/vm/bn256/google/gfp12.go:101.41,105.2 3 0
github.com/vechain/thor/vm/bn256/google/gfp12.go:107.55,125.2 15 1
github.com/vechain/thor/vm/bn256/google/gfp12.go:127.67,131.2 3 1
github.com/vechain/thor/vm/bn256/google/gfp12.go:133.68,138.43 4 1
github.com/vechain/thor/vm/bn256/google/gfp12.go:138.43,140.24 2 1
github.com/vechain/thor/vm/bn256/google/gfp12.go:140.24,142.4 1 1
github.com/vechain/thor/vm/bn256/google/gfp12.go:142.9,144.4 1 1
github.com/vechain/thor/vm/bn256/google/gfp12.go:147.2,152.10 4 1
github.com/vechain/thor/vm/bn256/google/gfp12.go:155.55,178.2 17 1
github.com/vechain/thor/vm/bn256/google/gfp12.go:180.55,200.2 13 1
github.com/vechain/thor/vm/bn256/google/gfp2.go:21.34,23.2 1 1
github.com/vechain/thor/vm/bn256/google/gfp2.go:25.32,29.2 3 1
github.com/vechain/thor/vm/bn256/google/gfp2.go:31.34,34.2 2 1
github.com/vechain/thor/vm/bn256/google/gfp2.go:36.35,40.2 3 1
github.com/vechain/thor/vm/bn256/google/gfp2.go:42.32,46.2 3 1
github.com/vechain/thor/vm/bn256/google/gfp2.go:48.31,52.2 3 1
github.com/vechain/thor/vm/bn256/google/gfp2.go:54.26,55.39 1 1
github.com/vechain/thor/vm/bn256/google/gfp2.go:55.39,57.3 1 1
github.com/vechain/thor/vm/bn256/google/gfp2.go:58.2,58.39 1 1
github.com/vechain/thor/vm/bn256/google/gfp2.go:58.39,60.3 1 1
github.com/vechain/thor/vm/bn256/google/gfp2.go:63.30,65.2 1 1
github.com/vechain/thor/vm/bn256/google/gfp2.go:67.29,68.21 1 1
github.com/vechain/thor/vm/bn256/google/gfp2.go:68.21,70.3 1 1
github.com/vechain/thor/vm/bn256/google/gfp2.go:71.2,72.41 2 1
github.com/vechain/thor/vm/bn256/google/gfp2.go:75.41,79.2 3 1
github.com/vechain/thor/vm/bn256/google/gfp2.go:81.40,85.2 3 1
github.com/vechain/thor/vm/bn256/google/gfp2.go:87.38,91.2 3 1
github.com/vechain/thor/vm/bn256/google/gfp2.go:93.38,97.2 3 1
github.com/vechain/thor/vm/bn256/google/gfp2.go:99.38,103.2 3 1
github.com/vechain/thor/vm/bn256/google/gfp2.go:105.65,110.43 4 0
github.com/vechain/thor/vm/bn256/google/gfp2.go:110.43,112.24 2 0
github.com/vechain/thor/vm/bn256/google/gfp2.go:112.24,114.4 1 0
github.com/vechain/thor/vm/bn256/google/gfp2.go:114.9,116.4 1 0
github.com/vechain/thor/vm/bn256/google/gfp2.go:119.2,124.10 4 0
github.com/vechain/thor/vm/bn256/google/gfp2.go:129.52,146.2 13 1
github.com/vechain/thor/vm/bn256/google/gfp2.go:148.53,152.2 3 1
github.com/vechain/thor/vm/bn256/google/gfp2.go:155.51,172.2 11 1
github.com/vechain/thor/vm/bn256/google/gfp2.go:174.52,193.2 12 1
github.com/vechain/thor/vm/bn256/google/gfp2.go:195.52,219.2 16 1
github.com/vechain/thor/vm/bn256/google/gfp2.go:221.32,223.2 1 0
github.com/vechain/thor/vm/bn256/google/gfp2.go:225.32,227.2 1 0
github.com/vechain/thor/vm/bn256/google/gfp6.go:21.34,23.2 1 1
github.com/vechain/thor/vm/bn256/google/gfp6.go:25.32,27.2 1 1
github.com/vechain/thor/vm/bn256/google/gfp6.go:29.34,33.2 3 1
github.com/vechain/thor/vm/bn256/google/gfp6.go:35.35,40.2 4 1
github.com/vechain/thor/vm/bn256/google/gfp6.go:42.32,47.2 4 1
github.com/vechain/thor/vm/bn256/google/gfp6.go:49.31,54.2 4 1
github.com/vechain/thor/vm/bn256/google/gfp6.go:56.26,60.2 3 1
github.com/vechain/thor/vm/bn256/google/gfp6.go:62.30,64.2 1 1
github.com/vechain/thor/vm/bn256/google/gfp6.go:66.29,68.2 1 1
github.com/vechain/thor/vm/bn256/google/gfp6.go:70.40,75.2 4 1
github.com/vechain/thor/vm/bn256/google/gfp6.go:77.55,85.2 6 1
github.com/vechain/thor/vm/bn256/google/gfp6.go:88.43,95.2 4 1
github.com/vechain/thor/vm/bn256/google/gfp6.go:97.38,102.2 4 1
github.com/vechain/thor/vm/bn256/google/gfp6.go:104.38,109.2 4 1
github.com/vechain/thor/vm/bn256/google/gfp6.go:111.38,116.2 4 1
github.com/vechain/thor/vm/bn256/google/gfp6.go:118.52,172.2 43 1
github.com/vechain/thor/vm/bn256/google/gfp6.go:174.64,179.2 4 1
github.com/vechain/thor/vm/bn256/google/gfp6.go:181.50,186.2 4 1
github.com/vechain/thor/vm/bn256/google/gfp6.go:189.46,199.2 9 1
github.com/vechain/thor/vm/bn256/google/gfp6.go:201.52,239.2 31 1
github.com/vechain/thor/vm/bn256/google/gfp6.go:241.52,296.2 33 1
github.com/vechain/thor/vm/bn256/google/optate.go:7.113,83.2 56 1
github.com/vechain/thor/vm/bn256/google/optate.go:85.103,152.2 51 1
github.com/vechain/thor/vm/bn256/google/optate.go:154.55,182.2 23 1
github.com/vechain/thor/vm/bn256/google/optate.go:192.64,213.45 15 1
github.com/vechain/thor/vm/bn256/google/optate.go:213.45,215.31 2 1
github.com/vechain/thor/vm/bn256/google/optate.go:215.31,217.4 1 1
github.com/vechain/thor/vm/bn256/google/optate.go:219.3,226.28 7 1
github.com/vechain/thor/vm/bn256/google/optate.go:227.10,228.66 1 1
github.com/vechain/thor/vm/bn256/google/optate.go:229.11,230.65 1 1
github.com/vechain/thor/vm/bn256/google/optate.go:231.11,232.12 1 1
github.com/vechain/thor/vm/bn256/google/optate.go:235.3,240.11 6 1
github.com/vechain/thor/vm/bn256/google/optate.go:258.2,302.12 34 1
github.com/vechain/thor/vm/bn256/google/optate.go:308.58,386.2 64 1
github.com/vechain/thor/vm/bn256/google/optate.go:388.68,393.38 4 1
github.com/vechain/thor/vm/bn256/google/optate.go:393.38,395.3 1 1
github.com/vechain/thor/vm/bn256/google/optate.go:396.2,396.12 1 1
github.com/vechain/thor/vm/bn256/google/twist.go:43.46,50.2 1 1
github.com/vechain/thor/vm/bn256/google/twist.go:52.38,54.2 1 0
github.com/vechain/thor/vm/bn256/google/twist.go:56.40,61.2 4 1
github.com/vechain/thor/vm/bn256/google/twist.go:63.41,68.2 4 1
github.com/vechain/thor/vm/bn256/google/twist.go:71.39,80.42 8 1
github.com/vechain/thor/vm/bn256/google/twist.go:80.42,82.3 1 0
github.com/vechain/thor/vm/bn256/google/twist.go:83.2,85.24 3 1
github.com/vechain/thor/vm/bn256/google/twist.go:88.36,90.2 1 1
github.com/vechain/thor/vm/bn256/google/twist.go:92.40,94.2 1 1
github.com/vechain/thor/vm/bn256/google/twist.go:96.58,99.20 1 1
github.com/vechain/thor/vm/bn256/google/twist.go:99.20,102.3 2 1
github.com/vechain/thor/vm/bn256/google/twist.go:103.2,103.20 1 1
github.com/vechain/thor/vm/bn256/google/twist.go:103.20,106.3 2 0
github.com/vechain/thor/vm/bn256/google/twist.go:109.2,129.22 16 1
github.com/vechain/thor/vm/bn256/google/twist.go:129.22,132.3 2 0
github.com/vechain/thor/vm/bn256/google/twist.go:133.2,167.14 30 1
github.com/vechain/thor/vm/bn256/google/twist.go:170.58,206.2 29 1
github.com/vechain/thor/vm/bn256/google/twist.go:208.84,213.40 4 1
github.com/vechain/thor/vm/bn256/google/twist.go:213.40,215.25 2 1
github.com/vechain/thor/vm/bn256/google/twist.go:215.25,217.4 1 1
github.com/vechain/thor/vm/bn256/google/twist.go:217.9,219.4 1 1
github.com/vechain/thor/vm/bn256/google/twist.go:222.2,225.10 4 1
github.com/vechain/thor/vm/bn256/google/twist.go:230.59,231.17 1 1
github.com/vechain/thor/vm/bn256/google/twist.go:231.17,233.3 1 1
github.com/vechain/thor/vm/bn256/google/twist.go:234.2,234.20 1 1
github.com/vechain/thor/vm/bn256/google/twist.go:234.20,240.3 5 1
github.com/vechain/thor/vm/bn256/google/twist.go:241.2,254.10 12 1
github.com/vechain/thor/vm/bn256/google/twist.go:257.60,263.2 5 1
